[kbplacer_plugin_action.py:66]: Plugin executed with KiCad version: 8.0.1
[kbplacer_plugin_action.py:67]: Plugin executed with python version: '3.11.5 (main, Jan 19 2024, 08:13:45) [MSC v.1936 64 bit (AMD64)]'
[kbplacer_dialog.py:526]: Language: ko
[kbplacer_plugin_action.py:83]: GUI state: {"switch_section": {"layout_path": "C:\\Users\\user\\Desktop\\\uc790\uc791\ud504\ub85c\uc81d\ud2b8\\\ud0a4\ubcf4\ub4dc\\\ub85c\uc6b0\ud504\ub85c\ud30c\uc77c\\low70.json", "x_distance": "17", "y_distance": "17", "element_info": {"annotation_format": "SW{}", "position_option": "Default", "position": {"relative_position": [0.0, 0.0], "orientation": 0.0, "side": "FRONT"}, "template_path": ""}}, "switch_diodes_section": {"enable": true, "route_switches_with_diodes": true, "element_info": {"annotation_format": "D{}", "position_option": "Custom", "position": {"relative_position": [6.0, 6.0], "orientation": 90.0, "side": "BACK"}, "template_path": ""}}, "additional_elements": {"elements_info": [{"annotation_format": "ST{}", "position_option": "Custom", "position": {"relative_position": [0.0, 0.0], "orientation": 0.0, "side": "FRONT"}, "template_path": ""}]}, "misc_section": {"route_rows_and_columns": false, "template_path": "", "generate_outline": false, "outline_delta": 0.0}}
[key_placer.py:295]: Set key 1U distance: 17000000/17000000
[key_placer.py:111]: Switches by nets: defaultdict(<class 'list'>, {frozenset({'ROW2', 'Net-(SW25-Pad1)'}): ['SW42'], frozenset({'Net-(SW27-Pad1)', 'ROW2'}): ['SW44'], frozenset({'COL15', 'ROW0'}): ['SW16'], frozenset({'ROW2', 'Net-(SW24-Pad1)'}): ['SW41'], frozenset({'ROW1', 'Net-(SW26-Pad1)'}): ['SW26'], frozenset({'Net-(SW22-Pad1)', 'ROW2'}): ['SW39'], frozenset({'ROW1', 'Net-(SW24-Pad1)'}): ['SW24'], frozenset({'Net-(SW28-Pad1)', 'ROW2'}): ['SW45'], frozenset({'ROW4', 'Net-(SW53-Pad1)'}): ['SW66'], frozenset({'COL11', 'ROW0'}): ['SW12'], frozenset({'ROW1', 'Net-(SW20-Pad1)'}): ['SW20'], frozenset({'unconnected-(SW54-Pad1)', 'ROW3'}): ['SW54'], frozenset({'COL0', 'ROW0'}): ['SW1'], frozenset({'Net-(SW23-Pad1)', 'ROW2'}): ['SW40'], frozenset({'Net-(SW23-Pad1)', 'ROW1'}): ['SW23'], frozenset({'COL0', 'ROW2'}): ['SW35'], frozenset({'ROW0', 'COL6'}): ['SW7'], frozenset({'ROW3', 'Net-(SW60-Pad1)'}): ['SW60'], frozenset({'ROW1', 'Net-(SW21-Pad1)'}): ['SW21'], frozenset({'COL8', 'ROW0'}): ['SW9'], frozenset({'Net-(SW59-Pad1)', 'ROW4'}): ['SW70'], frozenset({'COL3', 'ROW0'}): ['SW4'], frozenset({'COL2', 'ROW0'}): ['SW3'], frozenset({'ROW3', 'Net-(SW51-Pad1)'}): ['SW51'], frozenset({'Net-(SW50-Pad1)', 'ROW4'}): ['SW64'], frozenset({'Net-(SW34-Pad1)', 'ROW4'}): ['SW74'], frozenset({'COL14', 'ROW0'}): ['SW15'], frozenset({'Net-(SW31-Pad1)', 'ROW1'}): ['SW31'], frozenset({'Net-(SW57-Pad1)', 'ROW4'}): ['SW68'], frozenset({'ROW2', 'Net-(SW19-Pad1)'}): ['SW36'], frozenset({'ROW4', 'Net-(SW32-Pad1)'}): ['SW72'], frozenset({'ROW2', 'Net-(SW29-Pad1)'}): ['SW46'], frozenset({'ROW3', 'Net-(SW53-Pad1)'}): ['SW53'], frozenset({'ROW3', 'Net-(SW49-Pad1)'}): ['SW49'], frozenset({'COL0', 'ROW4'}): ['SW62'], frozenset({'ROW4', 'Net-(SW58-Pad1)'}): ['SW69'], frozenset({'unconnected-(SW52-Pad1)', 'ROW3'}): ['SW52'], frozenset({'COL5', 'ROW0'}): ['SW6'], frozenset({'Net-(SW50-Pad1)', 'ROW3'}): ['SW50'], frozenset({'Net-(SW57-Pad1)', 'ROW3'}): ['SW57'], frozenset({'Net-(SW59-Pad1)', 'ROW3'}): ['SW59'], frozenset({'ROW2', 'Net-(SW26-Pad1)'}): ['SW43'], frozenset({'ROW3', 'unconnected-(SW56-Pad1)'}): ['SW56'], frozenset({'ROW0', 'COL9'}): ['SW10'], frozenset({'Net-(SW55-Pad1)', 'ROW3'}): ['SW55'], frozenset({'ROW3', 'Net-(SW58-Pad1)'}): ['SW58'], frozenset({'COL16', 'ROW0'}): ['SW17'], frozenset({'ROW2', 'Net-(SW20-Pad1)'}): ['SW37'], frozenset({'Net-(SW33-Pad1)', 'ROW3'}): ['SW61'], frozenset({'Net-(SW34-Pad1)', 'ROW1'}): ['SW34'], frozenset({'ROW0', 'COL7'}): ['SW8'], frozenset({'ROW4', 'Net-(SW60-Pad1)'}): ['SW71'], frozenset({'Net-(SW28-Pad1)', 'ROW1'}): ['SW28'], frozenset({'Net-(SW33-Pad1)', 'ROW1'}): ['SW33'], frozenset({'COL0', 'ROW3'}): ['SW48'], frozenset({'ROW0', 'COL13'}): ['SW14'], frozenset({'Net-(SW33-Pad1)', 'ROW4'}): ['SW73'], frozenset({'ROW0', 'COL1'}): ['SW2'], frozenset({'ROW4', 'Net-(SW51-Pad1)'}): ['SW65'], frozenset({'COL4', 'ROW0'}): ['SW5'], frozenset({'ROW1', 'unconnected-(SW30-Pad1)'}): ['SW30'], frozenset({'COL12', 'ROW0'}): ['SW13'], frozenset({'ROW2', 'Net-(SW21-Pad1)'}): ['SW38'], frozenset({'ROW4', 'Net-(SW55-Pad1)'}): ['SW67'], frozenset({'ROW0', 'COL10'}): ['SW11'], frozenset({'ROW1', 'Net-(SW29-Pad1)'}): ['SW29'], frozenset({'ROW1', 'Net-(SW25-Pad1)'}): ['SW25'], frozenset({'COL0', 'ROW1'}): ['SW18'], frozenset({'ROW4', 'Net-(SW49-Pad1)'}): ['SW63'], frozenset({'Net-(SW27-Pad1)', 'ROW1'}): ['SW27'], frozenset({'ROW1', 'Net-(SW32-Pad1)'}): ['SW32'], frozenset({'ROW2', 'Net-(SW31-Pad1)'}): ['SW47'], frozenset({'ROW1', 'Net-(SW19-Pad1)'}): ['SW19'], frozenset({'Net-(SW22-Pad1)', 'ROW1'}): ['SW22']})
[key_placer.py:115]: Diodes by switch: {'SW74': ['D74'], 'SW73': ['D73'], 'SW72': ['D72'], 'SW71': ['D71'], 'SW70': ['D70'], 'SW69': ['D69'], 'SW68': ['D68'], 'SW67': ['D67'], 'SW66': ['D66'], 'SW65': ['D65'], 'SW64': ['D64'], 'SW63': ['D63'], 'SW62': ['D62'], 'SW61': ['D61'], 'SW60': ['D60'], 'SW59': ['D59'], 'SW58': ['D58'], 'SW57': ['D57'], 'SW56': ['D56'], 'SW55': ['D55'], 'SW54': ['D54'], 'SW53': ['D53'], 'SW52': ['D52'], 'SW51': ['D51'], 'SW50': ['D50'], 'SW49': ['D49'], 'SW48': ['D48'], 'SW47': ['D47'], 'SW46': ['D46'], 'SW45': ['D45'], 'SW44': ['D44'], 'SW43': ['D43'], 'SW42': ['D42'], 'SW41': ['D41'], 'SW40': ['D40'], 'SW39': ['D39'], 'SW38': ['D38'], 'SW37': ['D37'], 'SW36': ['D36'], 'SW35': ['D35'], 'SW34': ['D34'], 'SW33': ['D33'], 'SW32': ['D32'], 'SW31': ['D31'], 'SW30': ['D30'], 'SW29': ['D29'], 'SW28': ['D28'], 'SW27': ['D27'], 'SW26': ['D26'], 'SW25': ['D25'], 'SW24': ['D24'], 'SW23': ['D23'], 'SW22': ['D22'], 'SW21': ['D21'], 'SW20': ['D20'], 'SW19': ['D19'], 'SW18': ['D18'], 'SW17': ['D17'], 'SW16': ['D16'], 'SW15': ['D15'], 'SW14': ['D14'], 'SW13': ['D13'], 'SW12': ['D12'], 'SW11': ['D11'], 'SW10': ['D10'], 'SW9': ['D9'], 'SW8': ['D8'], 'SW7': ['D7'], 'SW6': ['D6'], 'SW5': ['D5'], 'SW4': ['D4'], 'SW3': ['D3'], 'SW2': ['D2'], 'SW1': ['D1']}
[kle_serial.py:746]: User layout: [['0,0', '0,1', '0,2', '0,3', '0,4', '0,5', '0,6', '0,7', '0,8', '0,9', '0,10', '0,11', '0,12', {'w': 2}, '0,13', {'x': 0.25}, '0,14', '0,15', '0,16'], [{'w': 1.5}, '1.0', '1,1', '1,2', '1,3', '1,4', '1,5', '1,6', '1,7', '1,8', '1,9', '1,10', '1,11', '1,12', {'w': 1.5}, '1,13', {'x': 0.25}, '1,14', '1,15', '1,16'], [{'w': 1.75}, '2,0', '2,1', '2,2', '2,3', '2,4', '2,5', '2,6', '2,7', '2,8', '2,9', '2,10', '2,11', {'w': 2.25}, '2,13'], [{'w': 2.25}, '3,0', '3,1', '3,2', '3,3', '3,4', '3,5', '3,6', '3,7', '3,8', '3,9', '3,10', {'w': 1.75}, '3,11', '3,13', {'x': 1.25}, '3,15'], [{'w': 1.25}, '4,0', {'w': 1.25}, '4,1', {'w': 1.25}, '4,2', {'w': 2.25}, '4,3', {'w': 1.75}, '4,5', {'w': 2.25}, '4,7', {'w': 1.25}, '4,9', {'w': 1.25}, '4,10', {'w': 1.25}, '4,11', {'w': 1.25}, '4,13', {'x': 0.25}, '4,14', '4,15', '4,16']]
[key_placer.py:589]: Layout offset: (25500000, 25500000)
[board_modifier.py:83]: Setting SW1 footprint position: (34000000, 34000000)
[board_modifier.py:83]: Setting SW2 footprint position: (51000000, 34000000)
[board_modifier.py:83]: Setting SW3 footprint position: (68000000, 34000000)
[board_modifier.py:83]: Setting SW4 footprint position: (85000000, 34000000)
[board_modifier.py:83]: Setting SW5 footprint position: (102000000, 34000000)
[board_modifier.py:83]: Setting SW6 footprint position: (119000000, 34000000)
[board_modifier.py:83]: Setting SW7 footprint position: (136000000, 34000000)
[board_modifier.py:83]: Setting SW8 footprint position: (153000000, 34000000)
[board_modifier.py:83]: Setting SW9 footprint position: (170000000, 34000000)
[board_modifier.py:83]: Setting SW10 footprint position: (187000000, 34000000)
[board_modifier.py:83]: Setting SW11 footprint position: (204000000, 34000000)
[board_modifier.py:83]: Setting SW12 footprint position: (221000000, 34000000)
[board_modifier.py:83]: Setting SW13 footprint position: (238000000, 34000000)
[board_modifier.py:83]: Setting SW14 footprint position: (263500000, 34000000)
[board_modifier.py:83]: Setting SW15 footprint position: (293250000, 34000000)
[board_modifier.py:83]: Setting SW16 footprint position: (310250000, 34000000)
[board_modifier.py:83]: Setting SW17 footprint position: (327250000, 34000000)
[board_modifier.py:83]: Setting SW18 footprint position: (38250000, 51000000)
[board_modifier.py:83]: Setting SW19 footprint position: (59500000, 51000000)
[board_modifier.py:83]: Setting SW20 footprint position: (76500000, 51000000)
[board_modifier.py:83]: Setting SW21 footprint position: (93500000, 51000000)
[board_modifier.py:83]: Setting SW22 footprint position: (110500000, 51000000)
[board_modifier.py:83]: Setting SW23 footprint position: (127500000, 51000000)
[board_modifier.py:83]: Setting SW24 footprint position: (144500000, 51000000)
[board_modifier.py:83]: Setting SW25 footprint position: (161500000, 51000000)
[board_modifier.py:83]: Setting SW26 footprint position: (178500000, 51000000)
[board_modifier.py:83]: Setting SW27 footprint position: (195500000, 51000000)
[board_modifier.py:83]: Setting SW28 footprint position: (212500000, 51000000)
[board_modifier.py:83]: Setting SW29 footprint position: (229500000, 51000000)
[board_modifier.py:83]: Setting SW30 footprint position: (246500000, 51000000)
[board_modifier.py:83]: Setting SW31 footprint position: (267750000, 51000000)
[board_modifier.py:83]: Setting SW32 footprint position: (293250000, 51000000)
[board_modifier.py:83]: Setting SW33 footprint position: (310250000, 51000000)
[board_modifier.py:83]: Setting SW34 footprint position: (327250000, 51000000)
[board_modifier.py:83]: Setting SW35 footprint position: (40375000, 68000000)
[board_modifier.py:83]: Setting SW36 footprint position: (63750000, 68000000)
[board_modifier.py:83]: Setting SW37 footprint position: (80750000, 68000000)
[board_modifier.py:83]: Setting SW38 footprint position: (97750000, 68000000)
[board_modifier.py:83]: Setting SW39 footprint position: (114750000, 68000000)
[board_modifier.py:83]: Setting SW40 footprint position: (131750000, 68000000)
[board_modifier.py:83]: Setting SW41 footprint position: (148750000, 68000000)
[board_modifier.py:83]: Setting SW42 footprint position: (165750000, 68000000)
[board_modifier.py:83]: Setting SW43 footprint position: (182750000, 68000000)
[board_modifier.py:83]: Setting SW44 footprint position: (199750000, 68000000)
[board_modifier.py:83]: Setting SW45 footprint position: (216750000, 68000000)
[board_modifier.py:83]: Setting SW46 footprint position: (233750000, 68000000)
[board_modifier.py:83]: Setting SW47 footprint position: (261375000, 68000000)
[board_modifier.py:83]: Setting SW48 footprint position: (44625000, 85000000)
[board_modifier.py:83]: Setting SW49 footprint position: (72250000, 85000000)
[board_modifier.py:83]: Setting SW50 footprint position: (89250000, 85000000)
[board_modifier.py:83]: Setting SW51 footprint position: (106250000, 85000000)
[board_modifier.py:83]: Setting SW52 footprint position: (123250000, 85000000)
[board_modifier.py:83]: Setting SW53 footprint position: (140250000, 85000000)
[board_modifier.py:83]: Setting SW54 footprint position: (157250000, 85000000)
[board_modifier.py:83]: Setting SW55 footprint position: (174250000, 85000000)
[board_modifier.py:83]: Setting SW56 footprint position: (191250000, 85000000)
[board_modifier.py:83]: Setting SW57 footprint position: (208250000, 85000000)
[board_modifier.py:83]: Setting SW58 footprint position: (225250000, 85000000)
[board_modifier.py:83]: Setting SW59 footprint position: (248625000, 85000000)
[board_modifier.py:83]: Setting SW60 footprint position: (272000000, 85000000)
[board_modifier.py:83]: Setting SW61 footprint position: (310250000, 85000000)
[board_modifier.py:83]: Setting SW62 footprint position: (36125000, 102000000)
[board_modifier.py:83]: Setting SW63 footprint position: (57375000, 102000000)
[board_modifier.py:83]: Setting SW64 footprint position: (78625000, 102000000)
[board_modifier.py:83]: Setting SW65 footprint position: (108375000, 102000000)
[board_modifier.py:83]: Setting SW66 footprint position: (142375000, 102000000)
[board_modifier.py:83]: Setting SW67 footprint position: (176375000, 102000000)
[board_modifier.py:83]: Setting SW68 footprint position: (206125000, 102000000)
[board_modifier.py:83]: Setting SW69 footprint position: (227375000, 102000000)
[board_modifier.py:83]: Setting SW70 footprint position: (248625000, 102000000)
[board_modifier.py:83]: Setting SW71 footprint position: (269875000, 102000000)
[board_modifier.py:83]: Setting SW72 footprint position: (293250000, 102000000)
[board_modifier.py:83]: Setting SW73 footprint position: (310250000, 102000000)
[board_modifier.py:83]: Setting SW74 footprint position: (327250000, 102000000)
[key_placer.py:882]: Diode info: [ElementInfo(annotation_format='D{}', position_option=<PositionOption.CUSTOM: 'Custom'>, position=ElementPosition(relative_position=Point(x=6.0, y=6.0), orientation=90.0, side=<Side.BACK: True>), template_path='')]
[board_modifier.py:96]: Getting SW1 footprint position: (34000000, 34000000)
[board_modifier.py:83]: Setting D1 footprint position: (40000000, 40000000)
[board_modifier.py:96]: Getting SW10 footprint position: (187000000, 34000000)
[board_modifier.py:83]: Setting D10 footprint position: (193000000, 40000000)
[board_modifier.py:96]: Getting SW11 footprint position: (204000000, 34000000)
[board_modifier.py:83]: Setting D11 footprint position: (210000000, 40000000)
[board_modifier.py:96]: Getting SW12 footprint position: (221000000, 34000000)
[board_modifier.py:83]: Setting D12 footprint position: (227000000, 40000000)
[board_modifier.py:96]: Getting SW13 footprint position: (238000000, 34000000)
[board_modifier.py:83]: Setting D13 footprint position: (244000000, 40000000)
[board_modifier.py:96]: Getting SW14 footprint position: (263500000, 34000000)
[board_modifier.py:83]: Setting D14 footprint position: (269500000, 40000000)
[board_modifier.py:96]: Getting SW15 footprint position: (293250000, 34000000)
[board_modifier.py:83]: Setting D15 footprint position: (299250000, 40000000)
[board_modifier.py:96]: Getting SW16 footprint position: (310250000, 34000000)
[board_modifier.py:83]: Setting D16 footprint position: (316250000, 40000000)
[board_modifier.py:96]: Getting SW17 footprint position: (327250000, 34000000)
[board_modifier.py:83]: Setting D17 footprint position: (333250000, 40000000)
[board_modifier.py:96]: Getting SW18 footprint position: (38250000, 51000000)
[board_modifier.py:83]: Setting D18 footprint position: (44250000, 57000000)
[board_modifier.py:96]: Getting SW19 footprint position: (59500000, 51000000)
[board_modifier.py:83]: Setting D19 footprint position: (65500000, 57000000)
[board_modifier.py:96]: Getting SW2 footprint position: (51000000, 34000000)
[board_modifier.py:83]: Setting D2 footprint position: (57000000, 40000000)
[board_modifier.py:96]: Getting SW20 footprint position: (76500000, 51000000)
[board_modifier.py:83]: Setting D20 footprint position: (82500000, 57000000)
[board_modifier.py:96]: Getting SW21 footprint position: (93500000, 51000000)
[board_modifier.py:83]: Setting D21 footprint position: (99500000, 57000000)
[board_modifier.py:96]: Getting SW22 footprint position: (110500000, 51000000)
[board_modifier.py:83]: Setting D22 footprint position: (116500000, 57000000)
[board_modifier.py:96]: Getting SW23 footprint position: (127500000, 51000000)
[board_modifier.py:83]: Setting D23 footprint position: (133500000, 57000000)
[board_modifier.py:96]: Getting SW24 footprint position: (144500000, 51000000)
[board_modifier.py:83]: Setting D24 footprint position: (150500000, 57000000)
[board_modifier.py:96]: Getting SW25 footprint position: (161500000, 51000000)
[board_modifier.py:83]: Setting D25 footprint position: (167500000, 57000000)
[board_modifier.py:96]: Getting SW26 footprint position: (178500000, 51000000)
[board_modifier.py:83]: Setting D26 footprint position: (184500000, 57000000)
[board_modifier.py:96]: Getting SW27 footprint position: (195500000, 51000000)
[board_modifier.py:83]: Setting D27 footprint position: (201500000, 57000000)
[board_modifier.py:96]: Getting SW28 footprint position: (212500000, 51000000)
[board_modifier.py:83]: Setting D28 footprint position: (218500000, 57000000)
[board_modifier.py:96]: Getting SW29 footprint position: (229500000, 51000000)
[board_modifier.py:83]: Setting D29 footprint position: (235500000, 57000000)
[board_modifier.py:96]: Getting SW3 footprint position: (68000000, 34000000)
[board_modifier.py:83]: Setting D3 footprint position: (74000000, 40000000)
[board_modifier.py:96]: Getting SW30 footprint position: (246500000, 51000000)
[board_modifier.py:83]: Setting D30 footprint position: (252500000, 57000000)
[board_modifier.py:96]: Getting SW31 footprint position: (267750000, 51000000)
[board_modifier.py:83]: Setting D31 footprint position: (273750000, 57000000)
[board_modifier.py:96]: Getting SW32 footprint position: (293250000, 51000000)
[board_modifier.py:83]: Setting D32 footprint position: (299250000, 57000000)
[board_modifier.py:96]: Getting SW33 footprint position: (310250000, 51000000)
[board_modifier.py:83]: Setting D33 footprint position: (316250000, 57000000)
[board_modifier.py:96]: Getting SW34 footprint position: (327250000, 51000000)
[board_modifier.py:83]: Setting D34 footprint position: (333250000, 57000000)
[board_modifier.py:96]: Getting SW35 footprint position: (40375000, 68000000)
[board_modifier.py:83]: Setting D35 footprint position: (46375000, 74000000)
[board_modifier.py:96]: Getting SW36 footprint position: (63750000, 68000000)
[board_modifier.py:83]: Setting D36 footprint position: (69750000, 74000000)
[board_modifier.py:96]: Getting SW37 footprint position: (80750000, 68000000)
[board_modifier.py:83]: Setting D37 footprint position: (86750000, 74000000)
[board_modifier.py:96]: Getting SW38 footprint position: (97750000, 68000000)
[board_modifier.py:83]: Setting D38 footprint position: (103750000, 74000000)
[board_modifier.py:96]: Getting SW39 footprint position: (114750000, 68000000)
[board_modifier.py:83]: Setting D39 footprint position: (120750000, 74000000)
[board_modifier.py:96]: Getting SW4 footprint position: (85000000, 34000000)
[board_modifier.py:83]: Setting D4 footprint position: (91000000, 40000000)
[board_modifier.py:96]: Getting SW40 footprint position: (131750000, 68000000)
[board_modifier.py:83]: Setting D40 footprint position: (137750000, 74000000)
[board_modifier.py:96]: Getting SW41 footprint position: (148750000, 68000000)
[board_modifier.py:83]: Setting D41 footprint position: (154750000, 74000000)
[board_modifier.py:96]: Getting SW42 footprint position: (165750000, 68000000)
[board_modifier.py:83]: Setting D42 footprint position: (171750000, 74000000)
[board_modifier.py:96]: Getting SW43 footprint position: (182750000, 68000000)
[board_modifier.py:83]: Setting D43 footprint position: (188750000, 74000000)
[board_modifier.py:96]: Getting SW44 footprint position: (199750000, 68000000)
[board_modifier.py:83]: Setting D44 footprint position: (205750000, 74000000)
[board_modifier.py:96]: Getting SW45 footprint position: (216750000, 68000000)
[board_modifier.py:83]: Setting D45 footprint position: (222750000, 74000000)
[board_modifier.py:96]: Getting SW46 footprint position: (233750000, 68000000)
[board_modifier.py:83]: Setting D46 footprint position: (239750000, 74000000)
[board_modifier.py:96]: Getting SW47 footprint position: (261375000, 68000000)
[board_modifier.py:83]: Setting D47 footprint position: (267375000, 74000000)
[board_modifier.py:96]: Getting SW48 footprint position: (44625000, 85000000)
[board_modifier.py:83]: Setting D48 footprint position: (50625000, 91000000)
[board_modifier.py:96]: Getting SW49 footprint position: (72250000, 85000000)
[board_modifier.py:83]: Setting D49 footprint position: (78250000, 91000000)
[board_modifier.py:96]: Getting SW5 footprint position: (102000000, 34000000)
[board_modifier.py:83]: Setting D5 footprint position: (108000000, 40000000)
[board_modifier.py:96]: Getting SW50 footprint position: (89250000, 85000000)
[board_modifier.py:83]: Setting D50 footprint position: (95250000, 91000000)
[board_modifier.py:96]: Getting SW51 footprint position: (106250000, 85000000)
[board_modifier.py:83]: Setting D51 footprint position: (112250000, 91000000)
[board_modifier.py:96]: Getting SW52 footprint position: (123250000, 85000000)
[board_modifier.py:83]: Setting D52 footprint position: (129250000, 91000000)
[board_modifier.py:96]: Getting SW53 footprint position: (140250000, 85000000)
[board_modifier.py:83]: Setting D53 footprint position: (146250000, 91000000)
[board_modifier.py:96]: Getting SW54 footprint position: (157250000, 85000000)
[board_modifier.py:83]: Setting D54 footprint position: (163250000, 91000000)
[board_modifier.py:96]: Getting SW55 footprint position: (174250000, 85000000)
[board_modifier.py:83]: Setting D55 footprint position: (180250000, 91000000)
[board_modifier.py:96]: Getting SW56 footprint position: (191250000, 85000000)
[board_modifier.py:83]: Setting D56 footprint position: (197250000, 91000000)
[board_modifier.py:96]: Getting SW57 footprint position: (208250000, 85000000)
[board_modifier.py:83]: Setting D57 footprint position: (214250000, 91000000)
[board_modifier.py:96]: Getting SW58 footprint position: (225250000, 85000000)
[board_modifier.py:83]: Setting D58 footprint position: (231250000, 91000000)
[board_modifier.py:96]: Getting SW59 footprint position: (248625000, 85000000)
[board_modifier.py:83]: Setting D59 footprint position: (254625000, 91000000)
[board_modifier.py:96]: Getting SW6 footprint position: (119000000, 34000000)
[board_modifier.py:83]: Setting D6 footprint position: (125000000, 40000000)
[board_modifier.py:96]: Getting SW60 footprint position: (272000000, 85000000)
[board_modifier.py:83]: Setting D60 footprint position: (278000000, 91000000)
[board_modifier.py:96]: Getting SW61 footprint position: (310250000, 85000000)
[board_modifier.py:83]: Setting D61 footprint position: (316250000, 91000000)
[board_modifier.py:96]: Getting SW62 footprint position: (36125000, 102000000)
[board_modifier.py:83]: Setting D62 footprint position: (42125000, 108000000)
[board_modifier.py:96]: Getting SW63 footprint position: (57375000, 102000000)
[board_modifier.py:83]: Setting D63 footprint position: (63375000, 108000000)
[board_modifier.py:96]: Getting SW64 footprint position: (78625000, 102000000)
[board_modifier.py:83]: Setting D64 footprint position: (84625000, 108000000)
[board_modifier.py:96]: Getting SW65 footprint position: (108375000, 102000000)
[board_modifier.py:83]: Setting D65 footprint position: (114375000, 108000000)
[board_modifier.py:96]: Getting SW66 footprint position: (142375000, 102000000)
[board_modifier.py:83]: Setting D66 footprint position: (148375000, 108000000)
[board_modifier.py:96]: Getting SW67 footprint position: (176375000, 102000000)
[board_modifier.py:83]: Setting D67 footprint position: (182375000, 108000000)
[board_modifier.py:96]: Getting SW68 footprint position: (206125000, 102000000)
[board_modifier.py:83]: Setting D68 footprint position: (212125000, 108000000)
[board_modifier.py:96]: Getting SW69 footprint position: (227375000, 102000000)
[board_modifier.py:83]: Setting D69 footprint position: (233375000, 108000000)
[board_modifier.py:96]: Getting SW7 footprint position: (136000000, 34000000)
[board_modifier.py:83]: Setting D7 footprint position: (142000000, 40000000)
[board_modifier.py:96]: Getting SW70 footprint position: (248625000, 102000000)
[board_modifier.py:83]: Setting D70 footprint position: (254625000, 108000000)
[board_modifier.py:96]: Getting SW71 footprint position: (269875000, 102000000)
[board_modifier.py:83]: Setting D71 footprint position: (275875000, 108000000)
[board_modifier.py:96]: Getting SW72 footprint position: (293250000, 102000000)
[board_modifier.py:83]: Setting D72 footprint position: (299250000, 108000000)
[board_modifier.py:96]: Getting SW73 footprint position: (310250000, 102000000)
[board_modifier.py:83]: Setting D73 footprint position: (316250000, 108000000)
[board_modifier.py:96]: Getting SW74 footprint position: (327250000, 102000000)
[board_modifier.py:83]: Setting D74 footprint position: (333250000, 108000000)
[board_modifier.py:96]: Getting SW8 footprint position: (153000000, 34000000)
[board_modifier.py:83]: Setting D8 footprint position: (159000000, 40000000)
[board_modifier.py:96]: Getting SW9 footprint position: (170000000, 34000000)
[board_modifier.py:83]: Setting D9 footprint position: (176000000, 40000000)
[board_modifier.py:96]: Getting SW42 footprint position: (165750000, 68000000)
[board_modifier.py:63]: Searching for ST42 footprint in C:\Users\user\Desktop\자작프로젝트\키보드\로우프로파일\lowd75\lowd75.kicad_pcb
[board_modifier.py:66]: Footprint not found
[board_modifier.py:96]: Getting SW44 footprint position: (199750000, 68000000)
[board_modifier.py:63]: Searching for ST44 footprint in C:\Users\user\Desktop\자작프로젝트\키보드\로우프로파일\lowd75\lowd75.kicad_pcb
[board_modifier.py:66]: Footprint not found
[board_modifier.py:96]: Getting SW16 footprint position: (310250000, 34000000)
[board_modifier.py:63]: Searching for ST16 footprint in C:\Users\user\Desktop\자작프로젝트\키보드\로우프로파일\lowd75\lowd75.kicad_pcb
[board_modifier.py:66]: Footprint not found
[board_modifier.py:96]: Getting SW41 footprint position: (148750000, 68000000)
[board_modifier.py:63]: Searching for ST41 footprint in C:\Users\user\Desktop\자작프로젝트\키보드\로우프로파일\lowd75\lowd75.kicad_pcb
[board_modifier.py:66]: Footprint not found
[board_modifier.py:96]: Getting SW26 footprint position: (178500000, 51000000)
[board_modifier.py:63]: Searching for ST26 footprint in C:\Users\user\Desktop\자작프로젝트\키보드\로우프로파일\lowd75\lowd75.kicad_pcb
[board_modifier.py:66]: Footprint not found
[board_modifier.py:96]: Getting SW39 footprint position: (114750000, 68000000)
[board_modifier.py:63]: Searching for ST39 footprint in C:\Users\user\Desktop\자작프로젝트\키보드\로우프로파일\lowd75\lowd75.kicad_pcb
[board_modifier.py:66]: Footprint not found
[board_modifier.py:96]: Getting SW24 footprint position: (144500000, 51000000)
[board_modifier.py:63]: Searching for ST24 footprint in C:\Users\user\Desktop\자작프로젝트\키보드\로우프로파일\lowd75\lowd75.kicad_pcb
[board_modifier.py:66]: Footprint not found
[board_modifier.py:96]: Getting SW45 footprint position: (216750000, 68000000)
[board_modifier.py:63]: Searching for ST45 footprint in C:\Users\user\Desktop\자작프로젝트\키보드\로우프로파일\lowd75\lowd75.kicad_pcb
[board_modifier.py:66]: Footprint not found
[board_modifier.py:96]: Getting SW66 footprint position: (142375000, 102000000)
[board_modifier.py:63]: Searching for ST66 footprint in C:\Users\user\Desktop\자작프로젝트\키보드\로우프로파일\lowd75\lowd75.kicad_pcb
[board_modifier.py:66]: Footprint not found
[board_modifier.py:96]: Getting SW12 footprint position: (221000000, 34000000)
[board_modifier.py:63]: Searching for ST12 footprint in C:\Users\user\Desktop\자작프로젝트\키보드\로우프로파일\lowd75\lowd75.kicad_pcb
[board_modifier.py:66]: Footprint not found
[board_modifier.py:96]: Getting SW20 footprint position: (76500000, 51000000)
[board_modifier.py:63]: Searching for ST20 footprint in C:\Users\user\Desktop\자작프로젝트\키보드\로우프로파일\lowd75\lowd75.kicad_pcb
[board_modifier.py:66]: Footprint not found
[board_modifier.py:96]: Getting SW54 footprint position: (157250000, 85000000)
[board_modifier.py:63]: Searching for ST54 footprint in C:\Users\user\Desktop\자작프로젝트\키보드\로우프로파일\lowd75\lowd75.kicad_pcb
[board_modifier.py:66]: Footprint not found
[board_modifier.py:96]: Getting SW1 footprint position: (34000000, 34000000)
[board_modifier.py:63]: Searching for ST1 footprint in C:\Users\user\Desktop\자작프로젝트\키보드\로우프로파일\lowd75\lowd75.kicad_pcb
[board_modifier.py:66]: Footprint not found
[board_modifier.py:96]: Getting SW40 footprint position: (131750000, 68000000)
[board_modifier.py:63]: Searching for ST40 footprint in C:\Users\user\Desktop\자작프로젝트\키보드\로우프로파일\lowd75\lowd75.kicad_pcb
[board_modifier.py:66]: Footprint not found
[board_modifier.py:96]: Getting SW23 footprint position: (127500000, 51000000)
[board_modifier.py:63]: Searching for ST23 footprint in C:\Users\user\Desktop\자작프로젝트\키보드\로우프로파일\lowd75\lowd75.kicad_pcb
[board_modifier.py:66]: Footprint not found
[board_modifier.py:96]: Getting SW35 footprint position: (40375000, 68000000)
[board_modifier.py:63]: Searching for ST35 footprint in C:\Users\user\Desktop\자작프로젝트\키보드\로우프로파일\lowd75\lowd75.kicad_pcb
[board_modifier.py:66]: Footprint not found
[board_modifier.py:96]: Getting SW7 footprint position: (136000000, 34000000)
[board_modifier.py:63]: Searching for ST7 footprint in C:\Users\user\Desktop\자작프로젝트\키보드\로우프로파일\lowd75\lowd75.kicad_pcb
[board_modifier.py:66]: Footprint not found
[board_modifier.py:96]: Getting SW60 footprint position: (272000000, 85000000)
[board_modifier.py:63]: Searching for ST60 footprint in C:\Users\user\Desktop\자작프로젝트\키보드\로우프로파일\lowd75\lowd75.kicad_pcb
[board_modifier.py:66]: Footprint not found
[board_modifier.py:96]: Getting SW21 footprint position: (93500000, 51000000)
[board_modifier.py:63]: Searching for ST21 footprint in C:\Users\user\Desktop\자작프로젝트\키보드\로우프로파일\lowd75\lowd75.kicad_pcb
[board_modifier.py:66]: Footprint not found
[board_modifier.py:96]: Getting SW9 footprint position: (170000000, 34000000)
[board_modifier.py:63]: Searching for ST9 footprint in C:\Users\user\Desktop\자작프로젝트\키보드\로우프로파일\lowd75\lowd75.kicad_pcb
[board_modifier.py:66]: Footprint not found
[board_modifier.py:96]: Getting SW70 footprint position: (248625000, 102000000)
[board_modifier.py:63]: Searching for ST70 footprint in C:\Users\user\Desktop\자작프로젝트\키보드\로우프로파일\lowd75\lowd75.kicad_pcb
[board_modifier.py:66]: Footprint not found
[board_modifier.py:96]: Getting SW4 footprint position: (85000000, 34000000)
[board_modifier.py:63]: Searching for ST4 footprint in C:\Users\user\Desktop\자작프로젝트\키보드\로우프로파일\lowd75\lowd75.kicad_pcb
[board_modifier.py:66]: Footprint not found
[board_modifier.py:96]: Getting SW3 footprint position: (68000000, 34000000)
[board_modifier.py:63]: Searching for ST3 footprint in C:\Users\user\Desktop\자작프로젝트\키보드\로우프로파일\lowd75\lowd75.kicad_pcb
[board_modifier.py:66]: Footprint not found
[board_modifier.py:96]: Getting SW51 footprint position: (106250000, 85000000)
[board_modifier.py:63]: Searching for ST51 footprint in C:\Users\user\Desktop\자작프로젝트\키보드\로우프로파일\lowd75\lowd75.kicad_pcb
[board_modifier.py:66]: Footprint not found
[board_modifier.py:96]: Getting SW64 footprint position: (78625000, 102000000)
[board_modifier.py:63]: Searching for ST64 footprint in C:\Users\user\Desktop\자작프로젝트\키보드\로우프로파일\lowd75\lowd75.kicad_pcb
[board_modifier.py:66]: Footprint not found
[board_modifier.py:96]: Getting SW74 footprint position: (327250000, 102000000)
[board_modifier.py:63]: Searching for ST74 footprint in C:\Users\user\Desktop\자작프로젝트\키보드\로우프로파일\lowd75\lowd75.kicad_pcb
[board_modifier.py:66]: Footprint not found
[board_modifier.py:96]: Getting SW15 footprint position: (293250000, 34000000)
[board_modifier.py:63]: Searching for ST15 footprint in C:\Users\user\Desktop\자작프로젝트\키보드\로우프로파일\lowd75\lowd75.kicad_pcb
[board_modifier.py:66]: Footprint not found
[board_modifier.py:96]: Getting SW31 footprint position: (267750000, 51000000)
[board_modifier.py:63]: Searching for ST31 footprint in C:\Users\user\Desktop\자작프로젝트\키보드\로우프로파일\lowd75\lowd75.kicad_pcb
[board_modifier.py:66]: Footprint not found
[board_modifier.py:96]: Getting SW68 footprint position: (206125000, 102000000)
[board_modifier.py:63]: Searching for ST68 footprint in C:\Users\user\Desktop\자작프로젝트\키보드\로우프로파일\lowd75\lowd75.kicad_pcb
[board_modifier.py:66]: Footprint not found
[board_modifier.py:96]: Getting SW36 footprint position: (63750000, 68000000)
[board_modifier.py:63]: Searching for ST36 footprint in C:\Users\user\Desktop\자작프로젝트\키보드\로우프로파일\lowd75\lowd75.kicad_pcb
[board_modifier.py:66]: Footprint not found
[board_modifier.py:96]: Getting SW72 footprint position: (293250000, 102000000)
[board_modifier.py:63]: Searching for ST72 footprint in C:\Users\user\Desktop\자작프로젝트\키보드\로우프로파일\lowd75\lowd75.kicad_pcb
[board_modifier.py:66]: Footprint not found
[board_modifier.py:96]: Getting SW46 footprint position: (233750000, 68000000)
[board_modifier.py:63]: Searching for ST46 footprint in C:\Users\user\Desktop\자작프로젝트\키보드\로우프로파일\lowd75\lowd75.kicad_pcb
[board_modifier.py:66]: Footprint not found
[board_modifier.py:96]: Getting SW53 footprint position: (140250000, 85000000)
[board_modifier.py:63]: Searching for ST53 footprint in C:\Users\user\Desktop\자작프로젝트\키보드\로우프로파일\lowd75\lowd75.kicad_pcb
[board_modifier.py:66]: Footprint not found
[board_modifier.py:96]: Getting SW49 footprint position: (72250000, 85000000)
[board_modifier.py:63]: Searching for ST49 footprint in C:\Users\user\Desktop\자작프로젝트\키보드\로우프로파일\lowd75\lowd75.kicad_pcb
[board_modifier.py:66]: Footprint not found
[board_modifier.py:96]: Getting SW62 footprint position: (36125000, 102000000)
[board_modifier.py:63]: Searching for ST62 footprint in C:\Users\user\Desktop\자작프로젝트\키보드\로우프로파일\lowd75\lowd75.kicad_pcb
[board_modifier.py:66]: Footprint not found
[board_modifier.py:96]: Getting SW69 footprint position: (227375000, 102000000)
[board_modifier.py:63]: Searching for ST69 footprint in C:\Users\user\Desktop\자작프로젝트\키보드\로우프로파일\lowd75\lowd75.kicad_pcb
[board_modifier.py:66]: Footprint not found
[board_modifier.py:96]: Getting SW52 footprint position: (123250000, 85000000)
[board_modifier.py:63]: Searching for ST52 footprint in C:\Users\user\Desktop\자작프로젝트\키보드\로우프로파일\lowd75\lowd75.kicad_pcb
[board_modifier.py:66]: Footprint not found
[board_modifier.py:96]: Getting SW6 footprint position: (119000000, 34000000)
[board_modifier.py:63]: Searching for ST6 footprint in C:\Users\user\Desktop\자작프로젝트\키보드\로우프로파일\lowd75\lowd75.kicad_pcb
[board_modifier.py:66]: Footprint not found
[board_modifier.py:96]: Getting SW50 footprint position: (89250000, 85000000)
[board_modifier.py:63]: Searching for ST50 footprint in C:\Users\user\Desktop\자작프로젝트\키보드\로우프로파일\lowd75\lowd75.kicad_pcb
[board_modifier.py:66]: Footprint not found
[board_modifier.py:96]: Getting SW57 footprint position: (208250000, 85000000)
[board_modifier.py:63]: Searching for ST57 footprint in C:\Users\user\Desktop\자작프로젝트\키보드\로우프로파일\lowd75\lowd75.kicad_pcb
[board_modifier.py:66]: Footprint not found
[board_modifier.py:96]: Getting SW59 footprint position: (248625000, 85000000)
[board_modifier.py:63]: Searching for ST59 footprint in C:\Users\user\Desktop\자작프로젝트\키보드\로우프로파일\lowd75\lowd75.kicad_pcb
[board_modifier.py:66]: Footprint not found
[board_modifier.py:96]: Getting SW43 footprint position: (182750000, 68000000)
[board_modifier.py:63]: Searching for ST43 footprint in C:\Users\user\Desktop\자작프로젝트\키보드\로우프로파일\lowd75\lowd75.kicad_pcb
[board_modifier.py:66]: Footprint not found
[board_modifier.py:96]: Getting SW56 footprint position: (191250000, 85000000)
[board_modifier.py:63]: Searching for ST56 footprint in C:\Users\user\Desktop\자작프로젝트\키보드\로우프로파일\lowd75\lowd75.kicad_pcb
[board_modifier.py:66]: Footprint not found
[board_modifier.py:96]: Getting SW10 footprint position: (187000000, 34000000)
[board_modifier.py:63]: Searching for ST10 footprint in C:\Users\user\Desktop\자작프로젝트\키보드\로우프로파일\lowd75\lowd75.kicad_pcb
[board_modifier.py:66]: Footprint not found
[board_modifier.py:96]: Getting SW55 footprint position: (174250000, 85000000)
[board_modifier.py:63]: Searching for ST55 footprint in C:\Users\user\Desktop\자작프로젝트\키보드\로우프로파일\lowd75\lowd75.kicad_pcb
[board_modifier.py:66]: Footprint not found
[board_modifier.py:96]: Getting SW58 footprint position: (225250000, 85000000)
[board_modifier.py:63]: Searching for ST58 footprint in C:\Users\user\Desktop\자작프로젝트\키보드\로우프로파일\lowd75\lowd75.kicad_pcb
[board_modifier.py:66]: Footprint not found
[board_modifier.py:96]: Getting SW17 footprint position: (327250000, 34000000)
[board_modifier.py:63]: Searching for ST17 footprint in C:\Users\user\Desktop\자작프로젝트\키보드\로우프로파일\lowd75\lowd75.kicad_pcb
[board_modifier.py:66]: Footprint not found
[board_modifier.py:96]: Getting SW37 footprint position: (80750000, 68000000)
[board_modifier.py:63]: Searching for ST37 footprint in C:\Users\user\Desktop\자작프로젝트\키보드\로우프로파일\lowd75\lowd75.kicad_pcb
[board_modifier.py:66]: Footprint not found
[board_modifier.py:96]: Getting SW61 footprint position: (310250000, 85000000)
[board_modifier.py:63]: Searching for ST61 footprint in C:\Users\user\Desktop\자작프로젝트\키보드\로우프로파일\lowd75\lowd75.kicad_pcb
[board_modifier.py:66]: Footprint not found
[board_modifier.py:96]: Getting SW34 footprint position: (327250000, 51000000)
[board_modifier.py:63]: Searching for ST34 footprint in C:\Users\user\Desktop\자작프로젝트\키보드\로우프로파일\lowd75\lowd75.kicad_pcb
[board_modifier.py:66]: Footprint not found
[board_modifier.py:96]: Getting SW8 footprint position: (153000000, 34000000)
[board_modifier.py:63]: Searching for ST8 footprint in C:\Users\user\Desktop\자작프로젝트\키보드\로우프로파일\lowd75\lowd75.kicad_pcb
[board_modifier.py:66]: Footprint not found
[board_modifier.py:96]: Getting SW71 footprint position: (269875000, 102000000)
[board_modifier.py:63]: Searching for ST71 footprint in C:\Users\user\Desktop\자작프로젝트\키보드\로우프로파일\lowd75\lowd75.kicad_pcb
[board_modifier.py:66]: Footprint not found
[board_modifier.py:96]: Getting SW28 footprint position: (212500000, 51000000)
[board_modifier.py:63]: Searching for ST28 footprint in C:\Users\user\Desktop\자작프로젝트\키보드\로우프로파일\lowd75\lowd75.kicad_pcb
[board_modifier.py:66]: Footprint not found
[board_modifier.py:96]: Getting SW33 footprint position: (310250000, 51000000)
[board_modifier.py:63]: Searching for ST33 footprint in C:\Users\user\Desktop\자작프로젝트\키보드\로우프로파일\lowd75\lowd75.kicad_pcb
[board_modifier.py:66]: Footprint not found
[board_modifier.py:96]: Getting SW48 footprint position: (44625000, 85000000)
[board_modifier.py:63]: Searching for ST48 footprint in C:\Users\user\Desktop\자작프로젝트\키보드\로우프로파일\lowd75\lowd75.kicad_pcb
[board_modifier.py:66]: Footprint not found
[board_modifier.py:96]: Getting SW14 footprint position: (263500000, 34000000)
[board_modifier.py:63]: Searching for ST14 footprint in C:\Users\user\Desktop\자작프로젝트\키보드\로우프로파일\lowd75\lowd75.kicad_pcb
[board_modifier.py:66]: Footprint not found
[board_modifier.py:96]: Getting SW73 footprint position: (310250000, 102000000)
[board_modifier.py:63]: Searching for ST73 footprint in C:\Users\user\Desktop\자작프로젝트\키보드\로우프로파일\lowd75\lowd75.kicad_pcb
[board_modifier.py:66]: Footprint not found
[board_modifier.py:96]: Getting SW2 footprint position: (51000000, 34000000)
[board_modifier.py:63]: Searching for ST2 footprint in C:\Users\user\Desktop\자작프로젝트\키보드\로우프로파일\lowd75\lowd75.kicad_pcb
[board_modifier.py:66]: Footprint not found
[board_modifier.py:96]: Getting SW65 footprint position: (108375000, 102000000)
[board_modifier.py:63]: Searching for ST65 footprint in C:\Users\user\Desktop\자작프로젝트\키보드\로우프로파일\lowd75\lowd75.kicad_pcb
[board_modifier.py:66]: Footprint not found
[board_modifier.py:96]: Getting SW5 footprint position: (102000000, 34000000)
[board_modifier.py:63]: Searching for ST5 footprint in C:\Users\user\Desktop\자작프로젝트\키보드\로우프로파일\lowd75\lowd75.kicad_pcb
[board_modifier.py:66]: Footprint not found
[board_modifier.py:96]: Getting SW30 footprint position: (246500000, 51000000)
[board_modifier.py:63]: Searching for ST30 footprint in C:\Users\user\Desktop\자작프로젝트\키보드\로우프로파일\lowd75\lowd75.kicad_pcb
[board_modifier.py:66]: Footprint not found
[board_modifier.py:96]: Getting SW13 footprint position: (238000000, 34000000)
[board_modifier.py:63]: Searching for ST13 footprint in C:\Users\user\Desktop\자작프로젝트\키보드\로우프로파일\lowd75\lowd75.kicad_pcb
[board_modifier.py:66]: Footprint not found
[board_modifier.py:96]: Getting SW38 footprint position: (97750000, 68000000)
[board_modifier.py:63]: Searching for ST38 footprint in C:\Users\user\Desktop\자작프로젝트\키보드\로우프로파일\lowd75\lowd75.kicad_pcb
[board_modifier.py:66]: Footprint not found
[board_modifier.py:96]: Getting SW67 footprint position: (176375000, 102000000)
[board_modifier.py:63]: Searching for ST67 footprint in C:\Users\user\Desktop\자작프로젝트\키보드\로우프로파일\lowd75\lowd75.kicad_pcb
[board_modifier.py:66]: Footprint not found
[board_modifier.py:96]: Getting SW11 footprint position: (204000000, 34000000)
[board_modifier.py:63]: Searching for ST11 footprint in C:\Users\user\Desktop\자작프로젝트\키보드\로우프로파일\lowd75\lowd75.kicad_pcb
[board_modifier.py:66]: Footprint not found
[board_modifier.py:96]: Getting SW29 footprint position: (229500000, 51000000)
[board_modifier.py:63]: Searching for ST29 footprint in C:\Users\user\Desktop\자작프로젝트\키보드\로우프로파일\lowd75\lowd75.kicad_pcb
[board_modifier.py:66]: Footprint not found
[board_modifier.py:96]: Getting SW25 footprint position: (161500000, 51000000)
[board_modifier.py:63]: Searching for ST25 footprint in C:\Users\user\Desktop\자작프로젝트\키보드\로우프로파일\lowd75\lowd75.kicad_pcb
[board_modifier.py:66]: Footprint not found
[board_modifier.py:96]: Getting SW18 footprint position: (38250000, 51000000)
[board_modifier.py:63]: Searching for ST18 footprint in C:\Users\user\Desktop\자작프로젝트\키보드\로우프로파일\lowd75\lowd75.kicad_pcb
[board_modifier.py:66]: Footprint not found
[board_modifier.py:96]: Getting SW63 footprint position: (57375000, 102000000)
[board_modifier.py:63]: Searching for ST63 footprint in C:\Users\user\Desktop\자작프로젝트\키보드\로우프로파일\lowd75\lowd75.kicad_pcb
[board_modifier.py:66]: Footprint not found
[board_modifier.py:96]: Getting SW27 footprint position: (195500000, 51000000)
[board_modifier.py:63]: Searching for ST27 footprint in C:\Users\user\Desktop\자작프로젝트\키보드\로우프로파일\lowd75\lowd75.kicad_pcb
[board_modifier.py:66]: Footprint not found
[board_modifier.py:96]: Getting SW32 footprint position: (293250000, 51000000)
[board_modifier.py:63]: Searching for ST32 footprint in C:\Users\user\Desktop\자작프로젝트\키보드\로우프로파일\lowd75\lowd75.kicad_pcb
[board_modifier.py:66]: Footprint not found
[board_modifier.py:96]: Getting SW47 footprint position: (261375000, 68000000)
[board_modifier.py:63]: Searching for ST47 footprint in C:\Users\user\Desktop\자작프로젝트\키보드\로우프로파일\lowd75\lowd75.kicad_pcb
[board_modifier.py:66]: Footprint not found
[board_modifier.py:96]: Getting SW19 footprint position: (59500000, 51000000)
[board_modifier.py:63]: Searching for ST19 footprint in C:\Users\user\Desktop\자작프로젝트\키보드\로우프로파일\lowd75\lowd75.kicad_pcb
[board_modifier.py:66]: Footprint not found
[board_modifier.py:96]: Getting SW22 footprint position: (110500000, 51000000)
[board_modifier.py:63]: Searching for ST22 footprint in C:\Users\user\Desktop\자작프로젝트\키보드\로우프로파일\lowd75\lowd75.kicad_pcb
[board_modifier.py:66]: Footprint not found
[key_placer.py:357]: Routing SW42 with D42
[key_placer.py:359]: Using internal autorouter method
[board_modifier.py:430]: Routing at B.Cu layer
[board_modifier.py:496]: Routing pad 'SW42:2' at (165750000, 73900000) with pad 'D42:2' at (171750000, 72350000) using coordinate system rotated by 0 degree(s)
[board_modifier.py:359]: Adding track segment (B.Cu): [(165750000, 73900000), (170200000, 73900000)]
[board_modifier.py:364]: Track added
[board_modifier.py:359]: Adding track segment (B.Cu): [(170200000, 73900000), (171750000, 72350000)]
[board_modifier.py:364]: Track added
[key_placer.py:357]: Routing SW44 with D44
[key_placer.py:359]: Using internal autorouter method
[board_modifier.py:430]: Routing at B.Cu layer
[board_modifier.py:496]: Routing pad 'SW44:2' at (199750000, 73900000) with pad 'D44:2' at (205750000, 72350000) using coordinate system rotated by 0 degree(s)
[board_modifier.py:359]: Adding track segment (B.Cu): [(199750000, 73900000), (204200000, 73900000)]
[board_modifier.py:364]: Track added
[board_modifier.py:359]: Adding track segment (B.Cu): [(204200000, 73900000), (205750000, 72350000)]
[board_modifier.py:364]: Track added
[key_placer.py:357]: Routing SW16 with D16
[key_placer.py:359]: Using internal autorouter method
[board_modifier.py:430]: Routing at B.Cu layer
[board_modifier.py:496]: Routing pad 'SW16:2' at (310250000, 39900000) with pad 'D16:2' at (316250000, 38350000) using coordinate system rotated by 0 degree(s)
[board_modifier.py:359]: Adding track segment (B.Cu): [(310250000, 39900000), (314700000, 39900000)]
[board_modifier.py:364]: Track added
[board_modifier.py:359]: Adding track segment (B.Cu): [(314700000, 39900000), (316250000, 38350000)]
[board_modifier.py:364]: Track added
[key_placer.py:357]: Routing SW41 with D41
[key_placer.py:359]: Using internal autorouter method
[board_modifier.py:430]: Routing at B.Cu layer
[board_modifier.py:496]: Routing pad 'SW41:2' at (148750000, 73900000) with pad 'D41:2' at (154750000, 72350000) using coordinate system rotated by 0 degree(s)
[board_modifier.py:359]: Adding track segment (B.Cu): [(148750000, 73900000), (153200000, 73900000)]
[board_modifier.py:364]: Track added
[board_modifier.py:359]: Adding track segment (B.Cu): [(153200000, 73900000), (154750000, 72350000)]
[board_modifier.py:364]: Track added
[key_placer.py:357]: Routing SW26 with D26
[key_placer.py:359]: Using internal autorouter method
[board_modifier.py:430]: Routing at B.Cu layer
[board_modifier.py:496]: Routing pad 'SW26:2' at (178500000, 56900000) with pad 'D26:2' at (184500000, 55350000) using coordinate system rotated by 0 degree(s)
[board_modifier.py:359]: Adding track segment (B.Cu): [(178500000, 56900000), (182950000, 56900000)]
[board_modifier.py:364]: Track added
[board_modifier.py:359]: Adding track segment (B.Cu): [(182950000, 56900000), (184500000, 55350000)]
[board_modifier.py:364]: Track added
[key_placer.py:357]: Routing SW39 with D39
[key_placer.py:359]: Using internal autorouter method
[board_modifier.py:430]: Routing at B.Cu layer
[board_modifier.py:496]: Routing pad 'SW39:2' at (114750000, 73900000) with pad 'D39:2' at (120750000, 72350000) using coordinate system rotated by 0 degree(s)
[board_modifier.py:359]: Adding track segment (B.Cu): [(114750000, 73900000), (119200000, 73900000)]
[board_modifier.py:364]: Track added
[board_modifier.py:359]: Adding track segment (B.Cu): [(119200000, 73900000), (120750000, 72350000)]
[board_modifier.py:364]: Track added
[key_placer.py:357]: Routing SW24 with D24
[key_placer.py:359]: Using internal autorouter method
[board_modifier.py:430]: Routing at B.Cu layer
[board_modifier.py:496]: Routing pad 'SW24:2' at (144500000, 56900000) with pad 'D24:2' at (150500000, 55350000) using coordinate system rotated by 0 degree(s)
[board_modifier.py:359]: Adding track segment (B.Cu): [(144500000, 56900000), (148950000, 56900000)]
[board_modifier.py:364]: Track added
[board_modifier.py:359]: Adding track segment (B.Cu): [(148950000, 56900000), (150500000, 55350000)]
[board_modifier.py:364]: Track added
[key_placer.py:357]: Routing SW45 with D45
[key_placer.py:359]: Using internal autorouter method
[board_modifier.py:430]: Routing at B.Cu layer
[board_modifier.py:496]: Routing pad 'SW45:2' at (216750000, 73900000) with pad 'D45:2' at (222750000, 72350000) using coordinate system rotated by 0 degree(s)
[board_modifier.py:359]: Adding track segment (B.Cu): [(216750000, 73900000), (221200000, 73900000)]
[board_modifier.py:364]: Track added
[board_modifier.py:359]: Adding track segment (B.Cu): [(221200000, 73900000), (222750000, 72350000)]
[board_modifier.py:364]: Track added
[key_placer.py:357]: Routing SW66 with D66
[key_placer.py:359]: Using internal autorouter method
[board_modifier.py:430]: Routing at B.Cu layer
[board_modifier.py:496]: Routing pad 'SW66:2' at (142375000, 107900000) with pad 'D66:2' at (148375000, 106350000) using coordinate system rotated by 0 degree(s)
[board_modifier.py:359]: Adding track segment (B.Cu): [(142375000, 107900000), (146825000, 107900000)]
[board_modifier.py:364]: Track added
[board_modifier.py:359]: Adding track segment (B.Cu): [(146825000, 107900000), (148375000, 106350000)]
[board_modifier.py:364]: Track added
[key_placer.py:357]: Routing SW12 with D12
[key_placer.py:359]: Using internal autorouter method
[board_modifier.py:430]: Routing at B.Cu layer
[board_modifier.py:496]: Routing pad 'SW12:2' at (221000000, 39900000) with pad 'D12:2' at (227000000, 38350000) using coordinate system rotated by 0 degree(s)
[board_modifier.py:359]: Adding track segment (B.Cu): [(221000000, 39900000), (225450000, 39900000)]
[board_modifier.py:364]: Track added
[board_modifier.py:359]: Adding track segment (B.Cu): [(225450000, 39900000), (227000000, 38350000)]
[board_modifier.py:364]: Track added
[key_placer.py:357]: Routing SW20 with D20
[key_placer.py:359]: Using internal autorouter method
[board_modifier.py:430]: Routing at B.Cu layer
[board_modifier.py:496]: Routing pad 'SW20:2' at (76500000, 56900000) with pad 'D20:2' at (82500000, 55350000) using coordinate system rotated by 0 degree(s)
[board_modifier.py:359]: Adding track segment (B.Cu): [(76500000, 56900000), (80950000, 56900000)]
[board_modifier.py:364]: Track added
[board_modifier.py:359]: Adding track segment (B.Cu): [(80950000, 56900000), (82500000, 55350000)]
[board_modifier.py:364]: Track added
[key_placer.py:357]: Routing SW54 with D54
[key_placer.py:359]: Using internal autorouter method
[board_modifier.py:430]: Routing at B.Cu layer
[board_modifier.py:496]: Routing pad 'SW54:2' at (157250000, 90900000) with pad 'D54:2' at (163250000, 89350000) using coordinate system rotated by 0 degree(s)
[board_modifier.py:359]: Adding track segment (B.Cu): [(157250000, 90900000), (161700000, 90900000)]
[board_modifier.py:364]: Track added
[board_modifier.py:359]: Adding track segment (B.Cu): [(161700000, 90900000), (163250000, 89350000)]
[board_modifier.py:364]: Track added
[key_placer.py:357]: Routing SW1 with D1
[key_placer.py:359]: Using internal autorouter method
[board_modifier.py:430]: Routing at B.Cu layer
[board_modifier.py:496]: Routing pad 'SW1:2' at (34000000, 39900000) with pad 'D1:2' at (40000000, 38350000) using coordinate system rotated by 0 degree(s)
[board_modifier.py:359]: Adding track segment (B.Cu): [(34000000, 39900000), (38450000, 39900000)]
[board_modifier.py:364]: Track added
[board_modifier.py:359]: Adding track segment (B.Cu): [(38450000, 39900000), (40000000, 38350000)]
[board_modifier.py:364]: Track added
[key_placer.py:357]: Routing SW40 with D40
[key_placer.py:359]: Using internal autorouter method
[board_modifier.py:430]: Routing at B.Cu layer
[board_modifier.py:496]: Routing pad 'SW40:2' at (131750000, 73900000) with pad 'D40:2' at (137750000, 72350000) using coordinate system rotated by 0 degree(s)
[board_modifier.py:359]: Adding track segment (B.Cu): [(131750000, 73900000), (136200000, 73900000)]
[board_modifier.py:364]: Track added
[board_modifier.py:359]: Adding track segment (B.Cu): [(136200000, 73900000), (137750000, 72350000)]
[board_modifier.py:364]: Track added
[key_placer.py:357]: Routing SW23 with D23
[key_placer.py:359]: Using internal autorouter method
[board_modifier.py:430]: Routing at B.Cu layer
[board_modifier.py:496]: Routing pad 'SW23:2' at (127500000, 56900000) with pad 'D23:2' at (133500000, 55350000) using coordinate system rotated by 0 degree(s)
[board_modifier.py:359]: Adding track segment (B.Cu): [(127500000, 56900000), (131950000, 56900000)]
[board_modifier.py:364]: Track added
[board_modifier.py:359]: Adding track segment (B.Cu): [(131950000, 56900000), (133500000, 55350000)]
[board_modifier.py:364]: Track added
[key_placer.py:357]: Routing SW35 with D35
[key_placer.py:359]: Using internal autorouter method
[board_modifier.py:430]: Routing at B.Cu layer
[board_modifier.py:496]: Routing pad 'SW35:2' at (40375000, 73900000) with pad 'D35:2' at (46375000, 72350000) using coordinate system rotated by 0 degree(s)
[board_modifier.py:359]: Adding track segment (B.Cu): [(40375000, 73900000), (44825000, 73900000)]
[board_modifier.py:364]: Track added
[board_modifier.py:359]: Adding track segment (B.Cu): [(44825000, 73900000), (46375000, 72350000)]
[board_modifier.py:364]: Track added
[key_placer.py:357]: Routing SW7 with D7
[key_placer.py:359]: Using internal autorouter method
[board_modifier.py:430]: Routing at B.Cu layer
[board_modifier.py:496]: Routing pad 'SW7:2' at (136000000, 39900000) with pad 'D7:2' at (142000000, 38350000) using coordinate system rotated by 0 degree(s)
[board_modifier.py:359]: Adding track segment (B.Cu): [(136000000, 39900000), (140450000, 39900000)]
[board_modifier.py:364]: Track added
[board_modifier.py:359]: Adding track segment (B.Cu): [(140450000, 39900000), (142000000, 38350000)]
[board_modifier.py:364]: Track added
[key_placer.py:357]: Routing SW60 with D60
[key_placer.py:359]: Using internal autorouter method
[board_modifier.py:430]: Routing at B.Cu layer
[board_modifier.py:496]: Routing pad 'SW60:2' at (272000000, 90900000) with pad 'D60:2' at (278000000, 89350000) using coordinate system rotated by 0 degree(s)
[board_modifier.py:359]: Adding track segment (B.Cu): [(272000000, 90900000), (276450000, 90900000)]
[board_modifier.py:364]: Track added
[board_modifier.py:359]: Adding track segment (B.Cu): [(276450000, 90900000), (278000000, 89350000)]
[board_modifier.py:364]: Track added
[key_placer.py:357]: Routing SW21 with D21
[key_placer.py:359]: Using internal autorouter method
[board_modifier.py:430]: Routing at B.Cu layer
[board_modifier.py:496]: Routing pad 'SW21:2' at (93500000, 56900000) with pad 'D21:2' at (99500000, 55350000) using coordinate system rotated by 0 degree(s)
[board_modifier.py:359]: Adding track segment (B.Cu): [(93500000, 56900000), (97950000, 56900000)]
[board_modifier.py:364]: Track added
[board_modifier.py:359]: Adding track segment (B.Cu): [(97950000, 56900000), (99500000, 55350000)]
[board_modifier.py:364]: Track added
[key_placer.py:357]: Routing SW9 with D9
[key_placer.py:359]: Using internal autorouter method
[board_modifier.py:430]: Routing at B.Cu layer
[board_modifier.py:496]: Routing pad 'SW9:2' at (170000000, 39900000) with pad 'D9:2' at (176000000, 38350000) using coordinate system rotated by 0 degree(s)
[board_modifier.py:359]: Adding track segment (B.Cu): [(170000000, 39900000), (174450000, 39900000)]
[board_modifier.py:364]: Track added
[board_modifier.py:359]: Adding track segment (B.Cu): [(174450000, 39900000), (176000000, 38350000)]
[board_modifier.py:364]: Track added
[key_placer.py:357]: Routing SW70 with D70
[key_placer.py:359]: Using internal autorouter method
[board_modifier.py:430]: Routing at B.Cu layer
[board_modifier.py:496]: Routing pad 'SW70:2' at (248625000, 107900000) with pad 'D70:2' at (254625000, 106350000) using coordinate system rotated by 0 degree(s)
[board_modifier.py:359]: Adding track segment (B.Cu): [(248625000, 107900000), (253075000, 107900000)]
[board_modifier.py:364]: Track added
[board_modifier.py:359]: Adding track segment (B.Cu): [(253075000, 107900000), (254625000, 106350000)]
[board_modifier.py:364]: Track added
[key_placer.py:357]: Routing SW4 with D4
[key_placer.py:359]: Using internal autorouter method
[board_modifier.py:430]: Routing at B.Cu layer
[board_modifier.py:496]: Routing pad 'SW4:2' at (85000000, 39900000) with pad 'D4:2' at (91000000, 38350000) using coordinate system rotated by 0 degree(s)
[board_modifier.py:359]: Adding track segment (B.Cu): [(85000000, 39900000), (89450000, 39900000)]
[board_modifier.py:364]: Track added
[board_modifier.py:359]: Adding track segment (B.Cu): [(89450000, 39900000), (91000000, 38350000)]
[board_modifier.py:364]: Track added
[key_placer.py:357]: Routing SW3 with D3
[key_placer.py:359]: Using internal autorouter method
[board_modifier.py:430]: Routing at B.Cu layer
[board_modifier.py:496]: Routing pad 'SW3:2' at (68000000, 39900000) with pad 'D3:2' at (74000000, 38350000) using coordinate system rotated by 0 degree(s)
[board_modifier.py:359]: Adding track segment (B.Cu): [(68000000, 39900000), (72450000, 39900000)]
[board_modifier.py:364]: Track added
[board_modifier.py:359]: Adding track segment (B.Cu): [(72450000, 39900000), (74000000, 38350000)]
[board_modifier.py:364]: Track added
[key_placer.py:357]: Routing SW51 with D51
[key_placer.py:359]: Using internal autorouter method
[board_modifier.py:430]: Routing at B.Cu layer
[board_modifier.py:496]: Routing pad 'SW51:2' at (106250000, 90900000) with pad 'D51:2' at (112250000, 89350000) using coordinate system rotated by 0 degree(s)
[board_modifier.py:359]: Adding track segment (B.Cu): [(106250000, 90900000), (110700000, 90900000)]
[board_modifier.py:364]: Track added
[board_modifier.py:359]: Adding track segment (B.Cu): [(110700000, 90900000), (112250000, 89350000)]
[board_modifier.py:364]: Track added
[key_placer.py:357]: Routing SW64 with D64
[key_placer.py:359]: Using internal autorouter method
[board_modifier.py:430]: Routing at B.Cu layer
[board_modifier.py:496]: Routing pad 'SW64:2' at (78625000, 107900000) with pad 'D64:2' at (84625000, 106350000) using coordinate system rotated by 0 degree(s)
[board_modifier.py:359]: Adding track segment (B.Cu): [(78625000, 107900000), (83075000, 107900000)]
[board_modifier.py:364]: Track added
[board_modifier.py:359]: Adding track segment (B.Cu): [(83075000, 107900000), (84625000, 106350000)]
[board_modifier.py:364]: Track added
[key_placer.py:357]: Routing SW74 with D74
[key_placer.py:359]: Using internal autorouter method
[board_modifier.py:430]: Routing at B.Cu layer
[board_modifier.py:496]: Routing pad 'SW74:2' at (327250000, 107900000) with pad 'D74:2' at (333250000, 106350000) using coordinate system rotated by 0 degree(s)
[board_modifier.py:359]: Adding track segment (B.Cu): [(327250000, 107900000), (331700000, 107900000)]
[board_modifier.py:364]: Track added
[board_modifier.py:359]: Adding track segment (B.Cu): [(331700000, 107900000), (333250000, 106350000)]
[board_modifier.py:364]: Track added
[key_placer.py:357]: Routing SW15 with D15
[key_placer.py:359]: Using internal autorouter method
[board_modifier.py:430]: Routing at B.Cu layer
[board_modifier.py:496]: Routing pad 'SW15:2' at (293250000, 39900000) with pad 'D15:2' at (299250000, 38350000) using coordinate system rotated by 0 degree(s)
[board_modifier.py:359]: Adding track segment (B.Cu): [(293250000, 39900000), (297700000, 39900000)]
[board_modifier.py:364]: Track added
[board_modifier.py:359]: Adding track segment (B.Cu): [(297700000, 39900000), (299250000, 38350000)]
[board_modifier.py:364]: Track added
[key_placer.py:357]: Routing SW31 with D31
[key_placer.py:359]: Using internal autorouter method
[board_modifier.py:430]: Routing at B.Cu layer
[board_modifier.py:496]: Routing pad 'SW31:2' at (267750000, 56900000) with pad 'D31:2' at (273750000, 55350000) using coordinate system rotated by 0 degree(s)
[board_modifier.py:359]: Adding track segment (B.Cu): [(267750000, 56900000), (272200000, 56900000)]
[board_modifier.py:364]: Track added
[board_modifier.py:359]: Adding track segment (B.Cu): [(272200000, 56900000), (273750000, 55350000)]
[board_modifier.py:364]: Track added
[key_placer.py:357]: Routing SW68 with D68
[key_placer.py:359]: Using internal autorouter method
[board_modifier.py:430]: Routing at B.Cu layer
[board_modifier.py:496]: Routing pad 'SW68:2' at (206125000, 107900000) with pad 'D68:2' at (212125000, 106350000) using coordinate system rotated by 0 degree(s)
[board_modifier.py:359]: Adding track segment (B.Cu): [(206125000, 107900000), (210575000, 107900000)]
[board_modifier.py:364]: Track added
[board_modifier.py:359]: Adding track segment (B.Cu): [(210575000, 107900000), (212125000, 106350000)]
[board_modifier.py:364]: Track added
[key_placer.py:357]: Routing SW36 with D36
[key_placer.py:359]: Using internal autorouter method
[board_modifier.py:430]: Routing at B.Cu layer
[board_modifier.py:496]: Routing pad 'SW36:2' at (63750000, 73900000) with pad 'D36:2' at (69750000, 72350000) using coordinate system rotated by 0 degree(s)
[board_modifier.py:359]: Adding track segment (B.Cu): [(63750000, 73900000), (68200000, 73900000)]
[board_modifier.py:364]: Track added
[board_modifier.py:359]: Adding track segment (B.Cu): [(68200000, 73900000), (69750000, 72350000)]
[board_modifier.py:364]: Track added
[key_placer.py:357]: Routing SW72 with D72
[key_placer.py:359]: Using internal autorouter method
[board_modifier.py:430]: Routing at B.Cu layer
[board_modifier.py:496]: Routing pad 'SW72:2' at (293250000, 107900000) with pad 'D72:2' at (299250000, 106350000) using coordinate system rotated by 0 degree(s)
[board_modifier.py:359]: Adding track segment (B.Cu): [(293250000, 107900000), (297700000, 107900000)]
[board_modifier.py:364]: Track added
[board_modifier.py:359]: Adding track segment (B.Cu): [(297700000, 107900000), (299250000, 106350000)]
[board_modifier.py:364]: Track added
[key_placer.py:357]: Routing SW46 with D46
[key_placer.py:359]: Using internal autorouter method
[board_modifier.py:430]: Routing at B.Cu layer
[board_modifier.py:496]: Routing pad 'SW46:2' at (233750000, 73900000) with pad 'D46:2' at (239750000, 72350000) using coordinate system rotated by 0 degree(s)
[board_modifier.py:359]: Adding track segment (B.Cu): [(233750000, 73900000), (238200000, 73900000)]
[board_modifier.py:364]: Track added
[board_modifier.py:359]: Adding track segment (B.Cu): [(238200000, 73900000), (239750000, 72350000)]
[board_modifier.py:364]: Track added
[key_placer.py:357]: Routing SW53 with D53
[key_placer.py:359]: Using internal autorouter method
[board_modifier.py:430]: Routing at B.Cu layer
[board_modifier.py:496]: Routing pad 'SW53:2' at (140250000, 90900000) with pad 'D53:2' at (146250000, 89350000) using coordinate system rotated by 0 degree(s)
[board_modifier.py:359]: Adding track segment (B.Cu): [(140250000, 90900000), (144700000, 90900000)]
[board_modifier.py:364]: Track added
[board_modifier.py:359]: Adding track segment (B.Cu): [(144700000, 90900000), (146250000, 89350000)]
[board_modifier.py:364]: Track added
[key_placer.py:357]: Routing SW49 with D49
[key_placer.py:359]: Using internal autorouter method
[board_modifier.py:430]: Routing at B.Cu layer
[board_modifier.py:496]: Routing pad 'SW49:2' at (72250000, 90900000) with pad 'D49:2' at (78250000, 89350000) using coordinate system rotated by 0 degree(s)
[board_modifier.py:359]: Adding track segment (B.Cu): [(72250000, 90900000), (76700000, 90900000)]
[board_modifier.py:364]: Track added
[board_modifier.py:359]: Adding track segment (B.Cu): [(76700000, 90900000), (78250000, 89350000)]
[board_modifier.py:364]: Track added
[key_placer.py:357]: Routing SW62 with D62
[key_placer.py:359]: Using internal autorouter method
[board_modifier.py:430]: Routing at B.Cu layer
[board_modifier.py:496]: Routing pad 'SW62:2' at (36125000, 107900000) with pad 'D62:2' at (42125000, 106350000) using coordinate system rotated by 0 degree(s)
[board_modifier.py:359]: Adding track segment (B.Cu): [(36125000, 107900000), (40575000, 107900000)]
[board_modifier.py:364]: Track added
[board_modifier.py:359]: Adding track segment (B.Cu): [(40575000, 107900000), (42125000, 106350000)]
[board_modifier.py:364]: Track added
[key_placer.py:357]: Routing SW69 with D69
[key_placer.py:359]: Using internal autorouter method
[board_modifier.py:430]: Routing at B.Cu layer
[board_modifier.py:496]: Routing pad 'SW69:2' at (227375000, 107900000) with pad 'D69:2' at (233375000, 106350000) using coordinate system rotated by 0 degree(s)
[board_modifier.py:359]: Adding track segment (B.Cu): [(227375000, 107900000), (231825000, 107900000)]
[board_modifier.py:364]: Track added
[board_modifier.py:359]: Adding track segment (B.Cu): [(231825000, 107900000), (233375000, 106350000)]
[board_modifier.py:364]: Track added
[key_placer.py:357]: Routing SW52 with D52
[key_placer.py:359]: Using internal autorouter method
[board_modifier.py:430]: Routing at B.Cu layer
[board_modifier.py:496]: Routing pad 'SW52:2' at (123250000, 90900000) with pad 'D52:2' at (129250000, 89350000) using coordinate system rotated by 0 degree(s)
[board_modifier.py:359]: Adding track segment (B.Cu): [(123250000, 90900000), (127700000, 90900000)]
[board_modifier.py:364]: Track added
[board_modifier.py:359]: Adding track segment (B.Cu): [(127700000, 90900000), (129250000, 89350000)]
[board_modifier.py:364]: Track added
[key_placer.py:357]: Routing SW6 with D6
[key_placer.py:359]: Using internal autorouter method
[board_modifier.py:430]: Routing at B.Cu layer
[board_modifier.py:496]: Routing pad 'SW6:2' at (119000000, 39900000) with pad 'D6:2' at (125000000, 38350000) using coordinate system rotated by 0 degree(s)
[board_modifier.py:359]: Adding track segment (B.Cu): [(119000000, 39900000), (123450000, 39900000)]
[board_modifier.py:364]: Track added
[board_modifier.py:359]: Adding track segment (B.Cu): [(123450000, 39900000), (125000000, 38350000)]
[board_modifier.py:364]: Track added
[key_placer.py:357]: Routing SW50 with D50
[key_placer.py:359]: Using internal autorouter method
[board_modifier.py:430]: Routing at B.Cu layer
[board_modifier.py:496]: Routing pad 'SW50:2' at (89250000, 90900000) with pad 'D50:2' at (95250000, 89350000) using coordinate system rotated by 0 degree(s)
[board_modifier.py:359]: Adding track segment (B.Cu): [(89250000, 90900000), (93700000, 90900000)]
[board_modifier.py:364]: Track added
[board_modifier.py:359]: Adding track segment (B.Cu): [(93700000, 90900000), (95250000, 89350000)]
[board_modifier.py:364]: Track added
[key_placer.py:357]: Routing SW57 with D57
[key_placer.py:359]: Using internal autorouter method
[board_modifier.py:430]: Routing at B.Cu layer
[board_modifier.py:496]: Routing pad 'SW57:2' at (208250000, 90900000) with pad 'D57:2' at (214250000, 89350000) using coordinate system rotated by 0 degree(s)
[board_modifier.py:359]: Adding track segment (B.Cu): [(208250000, 90900000), (212700000, 90900000)]
[board_modifier.py:364]: Track added
[board_modifier.py:359]: Adding track segment (B.Cu): [(212700000, 90900000), (214250000, 89350000)]
[board_modifier.py:364]: Track added
[key_placer.py:357]: Routing SW59 with D59
[key_placer.py:359]: Using internal autorouter method
[board_modifier.py:430]: Routing at B.Cu layer
[board_modifier.py:496]: Routing pad 'SW59:2' at (248625000, 90900000) with pad 'D59:2' at (254625000, 89350000) using coordinate system rotated by 0 degree(s)
[board_modifier.py:359]: Adding track segment (B.Cu): [(248625000, 90900000), (253075000, 90900000)]
[board_modifier.py:364]: Track added
[board_modifier.py:359]: Adding track segment (B.Cu): [(253075000, 90900000), (254625000, 89350000)]
[board_modifier.py:364]: Track added
[key_placer.py:357]: Routing SW43 with D43
[key_placer.py:359]: Using internal autorouter method
[board_modifier.py:430]: Routing at B.Cu layer
[board_modifier.py:496]: Routing pad 'SW43:2' at (182750000, 73900000) with pad 'D43:2' at (188750000, 72350000) using coordinate system rotated by 0 degree(s)
[board_modifier.py:359]: Adding track segment (B.Cu): [(182750000, 73900000), (187200000, 73900000)]
[board_modifier.py:364]: Track added
[board_modifier.py:359]: Adding track segment (B.Cu): [(187200000, 73900000), (188750000, 72350000)]
[board_modifier.py:364]: Track added
[key_placer.py:357]: Routing SW56 with D56
[key_placer.py:359]: Using internal autorouter method
[board_modifier.py:430]: Routing at B.Cu layer
[board_modifier.py:496]: Routing pad 'SW56:2' at (191250000, 90900000) with pad 'D56:2' at (197250000, 89350000) using coordinate system rotated by 0 degree(s)
[board_modifier.py:359]: Adding track segment (B.Cu): [(191250000, 90900000), (195700000, 90900000)]
[board_modifier.py:364]: Track added
[board_modifier.py:359]: Adding track segment (B.Cu): [(195700000, 90900000), (197250000, 89350000)]
[board_modifier.py:364]: Track added
[key_placer.py:357]: Routing SW10 with D10
[key_placer.py:359]: Using internal autorouter method
[board_modifier.py:430]: Routing at B.Cu layer
[board_modifier.py:496]: Routing pad 'SW10:2' at (187000000, 39900000) with pad 'D10:2' at (193000000, 38350000) using coordinate system rotated by 0 degree(s)
[board_modifier.py:359]: Adding track segment (B.Cu): [(187000000, 39900000), (191450000, 39900000)]
[board_modifier.py:364]: Track added
[board_modifier.py:359]: Adding track segment (B.Cu): [(191450000, 39900000), (193000000, 38350000)]
[board_modifier.py:364]: Track added
[key_placer.py:357]: Routing SW55 with D55
[key_placer.py:359]: Using internal autorouter method
[board_modifier.py:430]: Routing at B.Cu layer
[board_modifier.py:496]: Routing pad 'SW55:2' at (174250000, 90900000) with pad 'D55:2' at (180250000, 89350000) using coordinate system rotated by 0 degree(s)
[board_modifier.py:359]: Adding track segment (B.Cu): [(174250000, 90900000), (178700000, 90900000)]
[board_modifier.py:364]: Track added
[board_modifier.py:359]: Adding track segment (B.Cu): [(178700000, 90900000), (180250000, 89350000)]
[board_modifier.py:364]: Track added
[key_placer.py:357]: Routing SW58 with D58
[key_placer.py:359]: Using internal autorouter method
[board_modifier.py:430]: Routing at B.Cu layer
[board_modifier.py:496]: Routing pad 'SW58:2' at (225250000, 90900000) with pad 'D58:2' at (231250000, 89350000) using coordinate system rotated by 0 degree(s)
[board_modifier.py:359]: Adding track segment (B.Cu): [(225250000, 90900000), (229700000, 90900000)]
[board_modifier.py:364]: Track added
[board_modifier.py:359]: Adding track segment (B.Cu): [(229700000, 90900000), (231250000, 89350000)]
[board_modifier.py:364]: Track added
[key_placer.py:357]: Routing SW17 with D17
[key_placer.py:359]: Using internal autorouter method
[board_modifier.py:430]: Routing at B.Cu layer
[board_modifier.py:496]: Routing pad 'SW17:2' at (327250000, 39900000) with pad 'D17:2' at (333250000, 38350000) using coordinate system rotated by 0 degree(s)
[board_modifier.py:359]: Adding track segment (B.Cu): [(327250000, 39900000), (331700000, 39900000)]
[board_modifier.py:364]: Track added
[board_modifier.py:359]: Adding track segment (B.Cu): [(331700000, 39900000), (333250000, 38350000)]
[board_modifier.py:364]: Track added
[key_placer.py:357]: Routing SW37 with D37
[key_placer.py:359]: Using internal autorouter method
[board_modifier.py:430]: Routing at B.Cu layer
[board_modifier.py:496]: Routing pad 'SW37:2' at (80750000, 73900000) with pad 'D37:2' at (86750000, 72350000) using coordinate system rotated by 0 degree(s)
[board_modifier.py:359]: Adding track segment (B.Cu): [(80750000, 73900000), (85200000, 73900000)]
[board_modifier.py:364]: Track added
[board_modifier.py:359]: Adding track segment (B.Cu): [(85200000, 73900000), (86750000, 72350000)]
[board_modifier.py:364]: Track added
[key_placer.py:357]: Routing SW61 with D61
[key_placer.py:359]: Using internal autorouter method
[board_modifier.py:430]: Routing at B.Cu layer
[board_modifier.py:496]: Routing pad 'SW61:2' at (310250000, 90900000) with pad 'D61:2' at (316250000, 89350000) using coordinate system rotated by 0 degree(s)
[board_modifier.py:359]: Adding track segment (B.Cu): [(310250000, 90900000), (314700000, 90900000)]
[board_modifier.py:364]: Track added
[board_modifier.py:359]: Adding track segment (B.Cu): [(314700000, 90900000), (316250000, 89350000)]
[board_modifier.py:364]: Track added
[key_placer.py:357]: Routing SW34 with D34
[key_placer.py:359]: Using internal autorouter method
[board_modifier.py:430]: Routing at B.Cu layer
[board_modifier.py:496]: Routing pad 'SW34:2' at (327250000, 56900000) with pad 'D34:2' at (333250000, 55350000) using coordinate system rotated by 0 degree(s)
[board_modifier.py:359]: Adding track segment (B.Cu): [(327250000, 56900000), (331700000, 56900000)]
[board_modifier.py:364]: Track added
[board_modifier.py:359]: Adding track segment (B.Cu): [(331700000, 56900000), (333250000, 55350000)]
[board_modifier.py:364]: Track added
[key_placer.py:357]: Routing SW8 with D8
[key_placer.py:359]: Using internal autorouter method
[board_modifier.py:430]: Routing at B.Cu layer
[board_modifier.py:496]: Routing pad 'SW8:2' at (153000000, 39900000) with pad 'D8:2' at (159000000, 38350000) using coordinate system rotated by 0 degree(s)
[board_modifier.py:359]: Adding track segment (B.Cu): [(153000000, 39900000), (157450000, 39900000)]
[board_modifier.py:364]: Track added
[board_modifier.py:359]: Adding track segment (B.Cu): [(157450000, 39900000), (159000000, 38350000)]
[board_modifier.py:364]: Track added
[key_placer.py:357]: Routing SW71 with D71
[key_placer.py:359]: Using internal autorouter method
[board_modifier.py:430]: Routing at B.Cu layer
[board_modifier.py:496]: Routing pad 'SW71:2' at (269875000, 107900000) with pad 'D71:2' at (275875000, 106350000) using coordinate system rotated by 0 degree(s)
[board_modifier.py:359]: Adding track segment (B.Cu): [(269875000, 107900000), (274325000, 107900000)]
[board_modifier.py:364]: Track added
[board_modifier.py:359]: Adding track segment (B.Cu): [(274325000, 107900000), (275875000, 106350000)]
[board_modifier.py:364]: Track added
[key_placer.py:357]: Routing SW28 with D28
[key_placer.py:359]: Using internal autorouter method
[board_modifier.py:430]: Routing at B.Cu layer
[board_modifier.py:496]: Routing pad 'SW28:2' at (212500000, 56900000) with pad 'D28:2' at (218500000, 55350000) using coordinate system rotated by 0 degree(s)
[board_modifier.py:359]: Adding track segment (B.Cu): [(212500000, 56900000), (216950000, 56900000)]
[board_modifier.py:364]: Track added
[board_modifier.py:359]: Adding track segment (B.Cu): [(216950000, 56900000), (218500000, 55350000)]
[board_modifier.py:364]: Track added
[key_placer.py:357]: Routing SW33 with D33
[key_placer.py:359]: Using internal autorouter method
[board_modifier.py:430]: Routing at B.Cu layer
[board_modifier.py:496]: Routing pad 'SW33:2' at (310250000, 56900000) with pad 'D33:2' at (316250000, 55350000) using coordinate system rotated by 0 degree(s)
[board_modifier.py:359]: Adding track segment (B.Cu): [(310250000, 56900000), (314700000, 56900000)]
[board_modifier.py:364]: Track added
[board_modifier.py:359]: Adding track segment (B.Cu): [(314700000, 56900000), (316250000, 55350000)]
[board_modifier.py:364]: Track added
[key_placer.py:357]: Routing SW48 with D48
[key_placer.py:359]: Using internal autorouter method
[board_modifier.py:430]: Routing at B.Cu layer
[board_modifier.py:496]: Routing pad 'SW48:2' at (44625000, 90900000) with pad 'D48:2' at (50625000, 89350000) using coordinate system rotated by 0 degree(s)
[board_modifier.py:359]: Adding track segment (B.Cu): [(44625000, 90900000), (49075000, 90900000)]
[board_modifier.py:364]: Track added
[board_modifier.py:359]: Adding track segment (B.Cu): [(49075000, 90900000), (50625000, 89350000)]
[board_modifier.py:364]: Track added
[key_placer.py:357]: Routing SW14 with D14
[key_placer.py:359]: Using internal autorouter method
[board_modifier.py:430]: Routing at B.Cu layer
[board_modifier.py:496]: Routing pad 'SW14:2' at (263500000, 39900000) with pad 'D14:2' at (269500000, 38350000) using coordinate system rotated by 0 degree(s)
[board_modifier.py:359]: Adding track segment (B.Cu): [(263500000, 39900000), (267950000, 39900000)]
[board_modifier.py:364]: Track added
[board_modifier.py:359]: Adding track segment (B.Cu): [(267950000, 39900000), (269500000, 38350000)]
[board_modifier.py:364]: Track added
[key_placer.py:357]: Routing SW73 with D73
[key_placer.py:359]: Using internal autorouter method
[board_modifier.py:430]: Routing at B.Cu layer
[board_modifier.py:496]: Routing pad 'SW73:2' at (310250000, 107900000) with pad 'D73:2' at (316250000, 106350000) using coordinate system rotated by 0 degree(s)
[board_modifier.py:359]: Adding track segment (B.Cu): [(310250000, 107900000), (314700000, 107900000)]
[board_modifier.py:364]: Track added
[board_modifier.py:359]: Adding track segment (B.Cu): [(314700000, 107900000), (316250000, 106350000)]
[board_modifier.py:364]: Track added
[key_placer.py:357]: Routing SW2 with D2
[key_placer.py:359]: Using internal autorouter method
[board_modifier.py:430]: Routing at B.Cu layer
[board_modifier.py:496]: Routing pad 'SW2:2' at (51000000, 39900000) with pad 'D2:2' at (57000000, 38350000) using coordinate system rotated by 0 degree(s)
[board_modifier.py:359]: Adding track segment (B.Cu): [(51000000, 39900000), (55450000, 39900000)]
[board_modifier.py:364]: Track added
[board_modifier.py:359]: Adding track segment (B.Cu): [(55450000, 39900000), (57000000, 38350000)]
[board_modifier.py:364]: Track added
[key_placer.py:357]: Routing SW65 with D65
[key_placer.py:359]: Using internal autorouter method
[board_modifier.py:430]: Routing at B.Cu layer
[board_modifier.py:496]: Routing pad 'SW65:2' at (108375000, 107900000) with pad 'D65:2' at (114375000, 106350000) using coordinate system rotated by 0 degree(s)
[board_modifier.py:359]: Adding track segment (B.Cu): [(108375000, 107900000), (112825000, 107900000)]
[board_modifier.py:364]: Track added
[board_modifier.py:359]: Adding track segment (B.Cu): [(112825000, 107900000), (114375000, 106350000)]
[board_modifier.py:364]: Track added
[key_placer.py:357]: Routing SW5 with D5
[key_placer.py:359]: Using internal autorouter method
[board_modifier.py:430]: Routing at B.Cu layer
[board_modifier.py:496]: Routing pad 'SW5:2' at (102000000, 39900000) with pad 'D5:2' at (108000000, 38350000) using coordinate system rotated by 0 degree(s)
[board_modifier.py:359]: Adding track segment (B.Cu): [(102000000, 39900000), (106450000, 39900000)]
[board_modifier.py:364]: Track added
[board_modifier.py:359]: Adding track segment (B.Cu): [(106450000, 39900000), (108000000, 38350000)]
[board_modifier.py:364]: Track added
[key_placer.py:357]: Routing SW30 with D30
[key_placer.py:359]: Using internal autorouter method
[board_modifier.py:430]: Routing at B.Cu layer
[board_modifier.py:496]: Routing pad 'SW30:2' at (246500000, 56900000) with pad 'D30:2' at (252500000, 55350000) using coordinate system rotated by 0 degree(s)
[board_modifier.py:359]: Adding track segment (B.Cu): [(246500000, 56900000), (250950000, 56900000)]
[board_modifier.py:364]: Track added
[board_modifier.py:359]: Adding track segment (B.Cu): [(250950000, 56900000), (252500000, 55350000)]
[board_modifier.py:364]: Track added
[key_placer.py:357]: Routing SW13 with D13
[key_placer.py:359]: Using internal autorouter method
[board_modifier.py:430]: Routing at B.Cu layer
[board_modifier.py:496]: Routing pad 'SW13:2' at (238000000, 39900000) with pad 'D13:2' at (244000000, 38350000) using coordinate system rotated by 0 degree(s)
[board_modifier.py:359]: Adding track segment (B.Cu): [(238000000, 39900000), (242450000, 39900000)]
[board_modifier.py:364]: Track added
[board_modifier.py:359]: Adding track segment (B.Cu): [(242450000, 39900000), (244000000, 38350000)]
[board_modifier.py:364]: Track added
[key_placer.py:357]: Routing SW38 with D38
[key_placer.py:359]: Using internal autorouter method
[board_modifier.py:430]: Routing at B.Cu layer
[board_modifier.py:496]: Routing pad 'SW38:2' at (97750000, 73900000) with pad 'D38:2' at (103750000, 72350000) using coordinate system rotated by 0 degree(s)
[board_modifier.py:359]: Adding track segment (B.Cu): [(97750000, 73900000), (102200000, 73900000)]
[board_modifier.py:364]: Track added
[board_modifier.py:359]: Adding track segment (B.Cu): [(102200000, 73900000), (103750000, 72350000)]
[board_modifier.py:364]: Track added
[key_placer.py:357]: Routing SW67 with D67
[key_placer.py:359]: Using internal autorouter method
[board_modifier.py:430]: Routing at B.Cu layer
[board_modifier.py:496]: Routing pad 'SW67:2' at (176375000, 107900000) with pad 'D67:2' at (182375000, 106350000) using coordinate system rotated by 0 degree(s)
[board_modifier.py:359]: Adding track segment (B.Cu): [(176375000, 107900000), (180825000, 107900000)]
[board_modifier.py:364]: Track added
[board_modifier.py:359]: Adding track segment (B.Cu): [(180825000, 107900000), (182375000, 106350000)]
[board_modifier.py:364]: Track added
[key_placer.py:357]: Routing SW11 with D11
[key_placer.py:359]: Using internal autorouter method
[board_modifier.py:430]: Routing at B.Cu layer
[board_modifier.py:496]: Routing pad 'SW11:2' at (204000000, 39900000) with pad 'D11:2' at (210000000, 38350000) using coordinate system rotated by 0 degree(s)
[board_modifier.py:359]: Adding track segment (B.Cu): [(204000000, 39900000), (208450000, 39900000)]
[board_modifier.py:364]: Track added
[board_modifier.py:359]: Adding track segment (B.Cu): [(208450000, 39900000), (210000000, 38350000)]
[board_modifier.py:364]: Track added
[key_placer.py:357]: Routing SW29 with D29
[key_placer.py:359]: Using internal autorouter method
[board_modifier.py:430]: Routing at B.Cu layer
[board_modifier.py:496]: Routing pad 'SW29:2' at (229500000, 56900000) with pad 'D29:2' at (235500000, 55350000) using coordinate system rotated by 0 degree(s)
[board_modifier.py:359]: Adding track segment (B.Cu): [(229500000, 56900000), (233950000, 56900000)]
[board_modifier.py:364]: Track added
[board_modifier.py:359]: Adding track segment (B.Cu): [(233950000, 56900000), (235500000, 55350000)]
[board_modifier.py:364]: Track added
[key_placer.py:357]: Routing SW25 with D25
[key_placer.py:359]: Using internal autorouter method
[board_modifier.py:430]: Routing at B.Cu layer
[board_modifier.py:496]: Routing pad 'SW25:2' at (161500000, 56900000) with pad 'D25:2' at (167500000, 55350000) using coordinate system rotated by 0 degree(s)
[board_modifier.py:359]: Adding track segment (B.Cu): [(161500000, 56900000), (165950000, 56900000)]
[board_modifier.py:364]: Track added
[board_modifier.py:359]: Adding track segment (B.Cu): [(165950000, 56900000), (167500000, 55350000)]
[board_modifier.py:364]: Track added
[key_placer.py:357]: Routing SW18 with D18
[key_placer.py:359]: Using internal autorouter method
[board_modifier.py:430]: Routing at B.Cu layer
[board_modifier.py:496]: Routing pad 'SW18:2' at (38250000, 56900000) with pad 'D18:2' at (44250000, 55350000) using coordinate system rotated by 0 degree(s)
[board_modifier.py:359]: Adding track segment (B.Cu): [(38250000, 56900000), (42700000, 56900000)]
[board_modifier.py:364]: Track added
[board_modifier.py:359]: Adding track segment (B.Cu): [(42700000, 56900000), (44250000, 55350000)]
[board_modifier.py:364]: Track added
[key_placer.py:357]: Routing SW63 with D63
[key_placer.py:359]: Using internal autorouter method
[board_modifier.py:430]: Routing at B.Cu layer
[board_modifier.py:496]: Routing pad 'SW63:2' at (57375000, 107900000) with pad 'D63:2' at (63375000, 106350000) using coordinate system rotated by 0 degree(s)
[board_modifier.py:359]: Adding track segment (B.Cu): [(57375000, 107900000), (61825000, 107900000)]
[board_modifier.py:364]: Track added
[board_modifier.py:359]: Adding track segment (B.Cu): [(61825000, 107900000), (63375000, 106350000)]
[board_modifier.py:364]: Track added
[key_placer.py:357]: Routing SW27 with D27
[key_placer.py:359]: Using internal autorouter method
[board_modifier.py:430]: Routing at B.Cu layer
[board_modifier.py:496]: Routing pad 'SW27:2' at (195500000, 56900000) with pad 'D27:2' at (201500000, 55350000) using coordinate system rotated by 0 degree(s)
[board_modifier.py:359]: Adding track segment (B.Cu): [(195500000, 56900000), (199950000, 56900000)]
[board_modifier.py:364]: Track added
[board_modifier.py:359]: Adding track segment (B.Cu): [(199950000, 56900000), (201500000, 55350000)]
[board_modifier.py:364]: Track added
[key_placer.py:357]: Routing SW32 with D32
[key_placer.py:359]: Using internal autorouter method
[board_modifier.py:430]: Routing at B.Cu layer
[board_modifier.py:496]: Routing pad 'SW32:2' at (293250000, 56900000) with pad 'D32:2' at (299250000, 55350000) using coordinate system rotated by 0 degree(s)
[board_modifier.py:359]: Adding track segment (B.Cu): [(293250000, 56900000), (297700000, 56900000)]
[board_modifier.py:364]: Track added
[board_modifier.py:359]: Adding track segment (B.Cu): [(297700000, 56900000), (299250000, 55350000)]
[board_modifier.py:364]: Track added
[key_placer.py:357]: Routing SW47 with D47
[key_placer.py:359]: Using internal autorouter method
[board_modifier.py:430]: Routing at B.Cu layer
[board_modifier.py:496]: Routing pad 'SW47:2' at (261375000, 73900000) with pad 'D47:2' at (267375000, 72350000) using coordinate system rotated by 0 degree(s)
[board_modifier.py:359]: Adding track segment (B.Cu): [(261375000, 73900000), (265825000, 73900000)]
[board_modifier.py:364]: Track added
[board_modifier.py:359]: Adding track segment (B.Cu): [(265825000, 73900000), (267375000, 72350000)]
[board_modifier.py:364]: Track added
[key_placer.py:357]: Routing SW19 with D19
[key_placer.py:359]: Using internal autorouter method
[board_modifier.py:430]: Routing at B.Cu layer
[board_modifier.py:496]: Routing pad 'SW19:2' at (59500000, 56900000) with pad 'D19:2' at (65500000, 55350000) using coordinate system rotated by 0 degree(s)
[board_modifier.py:359]: Adding track segment (B.Cu): [(59500000, 56900000), (63950000, 56900000)]
[board_modifier.py:364]: Track added
[board_modifier.py:359]: Adding track segment (B.Cu): [(63950000, 56900000), (65500000, 55350000)]
[board_modifier.py:364]: Track added
[key_placer.py:357]: Routing SW22 with D22
[key_placer.py:359]: Using internal autorouter method
[board_modifier.py:430]: Routing at B.Cu layer
[board_modifier.py:496]: Routing pad 'SW22:2' at (110500000, 56900000) with pad 'D22:2' at (116500000, 55350000) using coordinate system rotated by 0 degree(s)
[board_modifier.py:359]: Adding track segment (B.Cu): [(110500000, 56900000), (114950000, 56900000)]
[board_modifier.py:364]: Track added
[board_modifier.py:359]: Adding track segment (B.Cu): [(114950000, 56900000), (116500000, 55350000)]
[board_modifier.py:364]: Track added
[key_placer.py:390]: Removing dangling tracks
[key_placer.py:402]: Removing ff5342a4-e546-4367-93ae-8b3ff70b1118
[key_placer.py:402]: Removing f4ba22d9-5d3c-4561-94e2-ffb0a15bfb33
[key_placer.py:402]: Removing ffb15d37-51e2-46f9-bbae-b8fea98fe284
[key_placer.py:402]: Removing 15e9ca04-77f2-43cb-8b70-cd5df7c0e57f
[key_placer.py:402]: Removing 9f315265-1c35-4bad-89cc-a512361773a9
[key_placer.py:402]: Removing c7621ab2-0ddf-4956-be71-6cd4cb207589
[key_placer.py:402]: Removing e0f03bb3-f0a3-4da3-abc8-f984d606d922
[key_placer.py:402]: Removing 82849042-1166-4247-b559-7e8a51d34966
[key_placer.py:402]: Removing e4fcc7b5-0774-452f-a7c0-4771df7ab11c
[key_placer.py:402]: Removing 17d6b90e-eeaf-4e72-8af9-333fe7e72118
[key_placer.py:402]: Removing 3a11cc44-f5bf-45cc-9182-b4e0054dde87
[key_placer.py:402]: Removing d044cbd5-adb5-414f-91ba-2adec877d2fa
[key_placer.py:402]: Removing 9706a5db-9b60-4950-bbf9-5421c8ec3f35
[key_placer.py:402]: Removing a903d1cf-ca71-43e1-92a0-117286630ca6
[key_placer.py:402]: Removing 7bb62f64-3dab-474c-84d5-6bcf704da43d
[key_placer.py:402]: Removing e1ecba13-cba8-4ce1-8046-a6f93dfa5c80
[key_placer.py:402]: Removing 8772e3d9-1881-41da-a1cc-4d1f6147072a
[key_placer.py:402]: Removing ad0866d4-4af5-4f22-97da-53b33a0bb469
[key_placer.py:402]: Removing 3d4d8f8a-9c6c-4430-a72a-f57151be3de7
[key_placer.py:402]: Removing 7837760b-70c2-42ff-920f-d70f08a262ae
[key_placer.py:402]: Removing 7658c992-1b83-4cdf-b3fc-98639a655ce8
[key_placer.py:402]: Removing ade10d23-f984-405b-9a29-f29465890b80
[key_placer.py:402]: Removing 83e19c52-9a63-45f5-b06c-818bd355c2f5
[key_placer.py:402]: Removing 7c038381-12af-4062-8d34-df35ee9f7960
[key_placer.py:402]: Removing 30472fb6-3c5a-40d9-8faa-b9d36c126f50
[key_placer.py:402]: Removing 89ee08ef-b6ec-4a3b-873d-8f9e49016dce
[key_placer.py:402]: Removing 56b0f597-bfbd-485e-8bd1-7c897b04ce5e
[key_placer.py:402]: Removing 88a16f1f-2edb-454a-bbfa-4f6e05b8aa25
[key_placer.py:402]: Removing 66712bf9-0a17-4be2-bcad-660e2b4e4c51
[key_placer.py:402]: Removing 9400ded3-5a26-4ac7-a995-9958c67c0e3d
[key_placer.py:402]: Removing f8f6690c-985b-47ce-98e0-b8633382a78a
[key_placer.py:402]: Removing 91c60cdd-d4cb-467d-99d5-98811d05de4f
[key_placer.py:402]: Removing 098463cf-f513-4784-a01d-51df9c21b691
[key_placer.py:402]: Removing af20f138-3681-41d2-949f-6ada2292fae8
[key_placer.py:402]: Removing d2e09dcd-d797-40ac-b62c-3742e0450066
[key_placer.py:402]: Removing 562205f8-8091-4296-9dce-0a5bc0cb3641
[key_placer.py:402]: Removing 9d747df9-ebae-451c-800b-ac4c9481ea33
[key_placer.py:402]: Removing 81b54b8b-0730-4557-9af7-74e324bba19d
[key_placer.py:402]: Removing 89627e98-7bce-40b8-b10f-29005ec81521
[key_placer.py:402]: Removing e73304f8-0fc9-441f-ab91-ae7d89476d35
[key_placer.py:402]: Removing cf47fee5-708d-4491-a2e6-0871fc1c84ac
[key_placer.py:402]: Removing 32ec55f6-b630-4dd8-9cb0-35b4cddc8030
[key_placer.py:402]: Removing 79e603d3-4c51-4afc-8b09-6b98173f5a5d
[key_placer.py:402]: Removing a292dc7f-052c-478b-b439-74718dd809f6
[key_placer.py:402]: Removing 1059fd47-e5da-4717-a56e-07883b8e1bfa
[key_placer.py:402]: Removing d5066ee1-4370-4bc8-a628-78da50015b4e
[key_placer.py:402]: Removing 24b8ed63-ad48-4352-9269-25fccbd12f3d
[key_placer.py:402]: Removing 4c79aaf7-6b9f-4f60-82a9-5619167e51fa
[key_placer.py:402]: Removing a683de32-c56d-4b86-9fc3-0ab972534fd2
[key_placer.py:402]: Removing bc51e756-3a8f-4729-8104-dbb184a77b63
[key_placer.py:402]: Removing ffb5f832-48a7-41d9-8d5b-84ba8992b839
[key_placer.py:402]: Removing b47c9e02-a5a1-459a-a107-b338be7d7884
[key_placer.py:402]: Removing 8d98467c-725a-4aa4-a127-55553991cfc6
[key_placer.py:402]: Removing 6536c990-de68-4b9c-91cc-614397e470a7
[key_placer.py:402]: Removing 258b4f70-02b5-4550-ac63-c9fe2451ec30
[key_placer.py:402]: Removing c2cb1d22-d60c-4c23-943a-6837afac4ba6
[key_placer.py:402]: Removing 712399f7-4aad-4bdc-875b-0c9d179b0c03
[key_placer.py:402]: Removing 060a49b5-dd7e-409a-9332-e059cc89f482
[key_placer.py:402]: Removing d31ca908-7dc2-43e2-ada7-a1070f7fb83c
[key_placer.py:402]: Removing 1a7dd9ad-e831-4367-8481-559c9bde871e
[key_placer.py:402]: Removing 8157f52f-03f2-4ce6-8fae-06161cd4d144
[key_placer.py:402]: Removing aea63e92-cfc2-4197-8e36-1f3716e166d8
[key_placer.py:402]: Removing 3b7c2dd2-7e9a-4ba2-9c54-221ee5574cdc
[key_placer.py:402]: Removing 02a29108-939a-4658-b2d6-e6aa4c9a082e
[key_placer.py:402]: Removing 0b23e714-8e57-4ab5-8436-baab62cb1029
[key_placer.py:402]: Removing 0ff668d3-0cf1-4c67-8cad-473b95a125ec
[key_placer.py:402]: Removing 0499f4df-4e73-487f-add8-7ce7cbe5afdf
[key_placer.py:402]: Removing 42c6aee6-7892-4bf3-a5f2-1d93091443d4
[key_placer.py:402]: Removing 744cc4d9-d498-4bb2-b336-b43fa9a5b67c
[key_placer.py:402]: Removing 281a89d8-87eb-462f-bfea-bbf317cf7ca2
[key_placer.py:402]: Removing 671d5da6-d853-42c6-b2f2-ed8d5cb170d9
[key_placer.py:402]: Removing bfd934d0-eeb4-427d-99b9-f2da6f35ff31
[key_placer.py:402]: Removing e6c733b2-41da-4c09-9b5b-4cd339571717
[key_placer.py:402]: Removing 78f3f958-c42c-45fa-950f-fe1afdd159cd
[key_placer.py:390]: Removing dangling tracks
[key_placer.py:402]: Removing 2d991ccd-81d8-4d96-9f32-7041063a837e
[key_placer.py:402]: Removing 4fad0f2b-8a8a-4dd5-82c2-e2bdbbe160b2
[key_placer.py:402]: Removing 325b9ba7-5901-488e-a69a-eacf597eb5cd
[key_placer.py:402]: Removing 313fce08-51f0-40e0-bb26-cc1cea4b88ae
[key_placer.py:402]: Removing c76c3bdc-e021-449e-9e0d-df7e8dd894f2
[key_placer.py:402]: Removing e4ad88f2-7008-4ac9-9d04-08a3c307a16f
[key_placer.py:402]: Removing 88e825f2-49b3-47b5-b1e5-e61b99119f87
[key_placer.py:402]: Removing 083b0399-9035-4b9d-b82a-3360c76909d4
[key_placer.py:402]: Removing e511e2c8-95c6-4969-a4bf-b23257a2d293
[key_placer.py:402]: Removing 6da1eac8-feb1-4590-ac90-e84d5b3c7c61
[key_placer.py:402]: Removing 09731549-a221-4dad-bba1-b9f78430825d
[key_placer.py:402]: Removing 01f1062f-2368-4fe9-99bd-de7777af36fd
[key_placer.py:402]: Removing 2671dce6-483b-4b69-8a54-d76457e889ba
[key_placer.py:402]: Removing c075db78-63e3-4d28-82ee-50db7c1a9e64
[key_placer.py:402]: Removing 3524a333-2f2a-4c3f-9583-dc40f667f286
[key_placer.py:402]: Removing 593b1e90-1935-4860-bc3c-9f1caf4eb8d1
[key_placer.py:402]: Removing a928b880-0b4d-41db-a930-3e6f7d472318
[key_placer.py:402]: Removing 9e5cce22-7569-4e13-9424-d78e4aefb401
[key_placer.py:402]: Removing 48fe78ac-e33c-441d-b0a9-0dff2c1e241f
[key_placer.py:402]: Removing 29b225ec-a88b-48a9-ab07-f44704947ed2
[key_placer.py:402]: Removing 524f4cca-1e64-4ad3-ab9b-a3fbe0d9c2cb
[key_placer.py:402]: Removing b6ff1e23-75fe-4173-8159-0fa31249e601
[key_placer.py:402]: Removing 5c66d4a2-fd88-492c-8178-bb7cef4e7c42
[key_placer.py:402]: Removing 428d1226-bbe6-4056-9eef-35d040cd512a
[key_placer.py:402]: Removing c517f937-4f83-43b3-81c8-8179b413e2ac
[key_placer.py:402]: Removing 7cf6f779-5691-408a-8dcb-700a2af7f779
[key_placer.py:402]: Removing ed42a33c-b76d-456c-b7a9-f0598df997d8
[key_placer.py:402]: Removing 8fc3d096-8e6e-49b7-9602-5037213c9d01
[key_placer.py:402]: Removing fd1ce8eb-17ee-472f-950d-439e304b3dea
[key_placer.py:402]: Removing 1e2ead55-9261-4373-98d2-229c84b5092d
[key_placer.py:402]: Removing c19567c3-07c9-49bb-b5d8-4b89c16148d1
[key_placer.py:402]: Removing db0a296f-ed81-46fe-9148-95c10b08a0dd
[key_placer.py:402]: Removing a12041a5-37fc-413a-9dd3-d1121175b4e8
[key_placer.py:402]: Removing f2a59444-d505-4060-85e0-aa2eb82a719a
[key_placer.py:402]: Removing 03796179-f342-4841-8130-0261e26e6ce7
[key_placer.py:402]: Removing 63e75583-bc23-4a9d-ad4e-253486e89bac
[key_placer.py:402]: Removing c47ba8ce-8d91-41a0-ab40-351a372b1a3a
[key_placer.py:402]: Removing 0e77fe04-388f-48b8-85eb-e953265879c9
[key_placer.py:402]: Removing ea7e773a-f05c-4509-9ec8-bcc84d943a16
[key_placer.py:402]: Removing 7f7fdc41-11df-464c-a82b-005859da8e7d
[key_placer.py:402]: Removing d6510e12-f64d-49f5-8f4e-fef2cc3cba4f
[key_placer.py:402]: Removing b7da1a1c-eaeb-4e2c-b6e1-5b6600735f2c
[key_placer.py:402]: Removing 64b58b6e-0786-4ae7-ad1b-ee4601e96ffd
[key_placer.py:402]: Removing 03226ad9-79ee-4c34-9842-325d47dd7cff
[key_placer.py:402]: Removing 4e15005e-202c-4d76-ba37-14c7bffe7d71
[key_placer.py:402]: Removing 485a43d4-6275-4beb-bb19-513117c723ad
[key_placer.py:402]: Removing 6400dacc-d0db-4995-9379-f619c2753d43
[key_placer.py:402]: Removing bb7af98a-27b9-4dfe-939e-8cff93452d4a
[key_placer.py:402]: Removing 9a18ba59-e9b1-44ef-a02e-e6c1bcae4898
[key_placer.py:402]: Removing 481a1e3e-fe89-45a4-ac68-d14cbecbea29
[key_placer.py:402]: Removing af7a368f-dc86-4a4b-af02-e5e63f465fee
[key_placer.py:402]: Removing 9e98326c-b99f-4bdf-ad35-e3eff11f7475
[key_placer.py:402]: Removing 59caf3b9-a729-4757-89af-9f88d811d01b
[key_placer.py:402]: Removing c5288624-d120-4f4a-8fc8-c1587fe0cd92
[key_placer.py:402]: Removing e25a59d3-9cae-417a-a1cd-09bb9ddb4ccb
[key_placer.py:402]: Removing 30c8aa9c-6339-4cc9-b888-7c2e353ecd4e
[key_placer.py:402]: Removing 150bd6b0-0811-4bf5-b31c-e607bb782eb2
[key_placer.py:402]: Removing c4a4adeb-0562-48eb-a575-b8cd71a07a5d
[key_placer.py:402]: Removing fd70e45e-4499-4a9f-9a04-8bc2e5c05572
[key_placer.py:402]: Removing 577040e8-4374-43fc-9eb5-a02bfddd77b2
[key_placer.py:402]: Removing c4665b5e-f40c-4a3c-a5d7-ab0ddf1b434c
[key_placer.py:402]: Removing f7b75e68-7fb3-4fc1-8c07-6fac23baa841
[key_placer.py:402]: Removing 1cf2f91a-3674-4da0-8048-2b045f1aeb4d
[key_placer.py:402]: Removing fb6fccfd-640a-41fd-b244-282e5f538f61
[key_placer.py:402]: Removing 98b43ff6-54a5-4c95-9407-876b5921b87e
[key_placer.py:402]: Removing 5864ad75-4e6d-43af-9507-11000a8842ed
[key_placer.py:402]: Removing 5a97db10-861d-45cd-a154-f965a1d2cd2f
[key_placer.py:402]: Removing 5b5e6f88-0251-457f-86c3-a22b93c2191e
[key_placer.py:402]: Removing 05338809-fb08-42b2-b158-0d917e34ab5a
[key_placer.py:402]: Removing 88a41071-b26c-4253-b3aa-9c8a5e5310e3
[key_placer.py:402]: Removing 2e2b3bce-261d-447d-806d-c84d53b58364
[key_placer.py:402]: Removing a8598f87-41ea-4185-a8c4-1edc90f68e7d
[key_placer.py:402]: Removing 32739c42-2980-4cbe-822c-11799cf0cdca
[key_placer.py:402]: Removing 8ef958b5-129c-41ae-b3ec-b148ce2a6702
[key_placer.py:390]: Removing dangling tracks
